
 -----------------------------------------------
      Restrained ESP Fit 2.3  Amber 4.1
 -----------------------------------------------
 Resp charges for organic molecule                                               
 -----------------------------------------------


 inopt       =     0   ioutopt     =     1
 nmol        =     1   iqopt       =     0
 ihfree      =     1   irstrnt     =     1
 iunits      =     0   qwt         =   0.00050000
 wtmol(1) =     1.000000
 subtitle:

Resp charges for organic molecule                                               
ich =   0  iuniq =  48
    1    8    0
    2    6    0
    3    6    0
    4    6    0
    5    6    0
    6    6    0
    7    6    0
    8    7    0
    9    6    0
   10    6    0
   11    6    0
   12    6    0
   13    6    0
   14    6    0
   15    6    0
   16    6    0
   17    6    0
   18    6    0
   19    6   17
   20    6   16
   21    6    0
   22    6    0
   23    6    0
   24    8    0
   25    8    0
   26    1    0
   27    1    0
   28    1    0
   29    1    0
   30    1    0
   31    1    0
   32    1    0
   33    1    0
   34    1    0
   35    1    0
   36    1    0
   37    1    0
   38    1    0
   39    1    0
   40    1    0
   41    1    0
   42    1    0
   43    1   41
   44    1   40
   45    1    0
   46    1    0
   47    1    0
   48    1    0

  ----------------------------------------------------------------------------
     ATOM                       COORDINATES                         CHARGE
                       X             Y                Z
  ----------------------------------------------------------------------------
  ----------------------------------------------------------------------------


 Charge on the molecule(ich) =    0
 Total number of atoms (iuniq)     =   48
 Weight factor on initial charge restraints(qwt)=     0.50000D-03


  there are  1 charge constraints:


     1       1
     2       1
     3       1
     4       1
     5       1
     6       1
     7       1
     8       1
     9       1
    10       1
    11       1
    12       1
    13       1
    14       1
    15       1
    16       1
    17       1
    18       1
    19       1
    20       1
    21       1
    22       1
    23       1
    24       1
    25       1
    26       1
    27       1
    28       1
    29       1
    30       1
    31       1
    32       1
    33       1
    34       1
    35       1
    36       1
    37       1
    38       1
    39       1
    40       1
    41       1
    42       1
    43       1
    44       1
    45       1
    46       1
    47       1
    48       1

 Reading esp"s for molecule   1
 total number of atoms      =    48
 total number of esp points = 11549


 center     X       Y       Z 
    1  -0.2734517E+01   0.8416845E+01  -0.2366770E+01
    2  -0.1499964E+01   0.4730878E+01   0.7232548E-01
    3  -0.2430987E+01   0.2943150E+01  -0.2031399E+01
    4  -0.4403020E+01  -0.1477938E+01  -0.6125112E+00
    5  -0.3592802E+01  -0.3731886E+01   0.8805613E+00
    6  -0.6038875E+01  -0.4645517E+01   0.2237466E+01
    7  -0.8387747E+01  -0.4189250E+01   0.4898907E+00
    8  -0.7613819E+01  -0.4724249E+01  -0.2047231E+01
    9  -0.6005821E+01  -0.2544849E+01  -0.2877788E+01
   10   0.7475491E+00   0.3495815E+01   0.1450575E+01
   11   0.1181045E+01   0.4023763E+01   0.4013786E+01
   12   0.3228217E+01   0.2898186E+01   0.5266203E+01
   13   0.4831404E+01   0.1245218E+01   0.3960083E+01
   14   0.4394639E+01   0.7144600E+00   0.1403632E+01
   15   0.6155416E+01  -0.1117198E+01  -0.2255577E-01
   16   0.5735519E+01  -0.1647000E+01  -0.2587885E+01
   17   0.7352005E+01  -0.3302413E+01  -0.3880673E+01
   18   0.9383824E+01  -0.4434580E+01  -0.2611475E+01
   19   0.9795890E+01  -0.3914142E+01  -0.4272670E-01
   20   0.8177914E+01  -0.2253742E+01   0.1252996E+01
   21   0.2357023E+01   0.1842640E+01   0.1394826E+00
   22  -0.6489413E+00   0.7269126E+01  -0.1082804E+01
   23  -0.2180475E+01   0.5907094E-01  -0.1686996E+01
   24  -0.3390894E+01   0.3829019E+01  -0.4019330E+01
   25  -0.6520804E+01  -0.3255499E+01   0.4526156E+01
   26  -0.4083273E+01   0.8712582E+01  -0.1187710E+01
   27  -0.3003580E+01   0.5069770E+01   0.1387775E+01
   28  -0.5504039E+01  -0.2960709E+00   0.6186339E+00
   29  -0.2166605E+01  -0.3349743E+01   0.2272148E+01
   30  -0.2877688E+01  -0.5101089E+01  -0.4422129E+00
   31  -0.5758927E+01  -0.6607865E+01   0.2673157E+01
   32  -0.8971100E+01  -0.2253375E+01   0.5351232E+00
   33  -0.9917709E+01  -0.5358208E+01   0.1120309E+01
   34  -0.6643285E+01  -0.6356904E+01  -0.2001201E+01
   35  -0.7142478E+01  -0.1015478E+01  -0.3579425E+01
   36  -0.4804143E+01  -0.3244703E+01  -0.4356019E+01
   37  -0.4256608E-01   0.5279653E+01   0.5012018E+01
   38   0.3564278E+01   0.3300301E+01   0.7221412E+01
   39   0.6392423E+01   0.3899620E+00   0.4920262E+01
   40   0.4184054E+01  -0.7891439E+00  -0.3559798E+01
   41   0.7035739E+01  -0.3708317E+01  -0.5843732E+01
   42   0.1061786E+02  -0.5693402E+01  -0.3604303E+01
   43   0.1134463E+02  -0.4784234E+01   0.9291235E+00
   44   0.8487942E+01  -0.1852861E+01   0.3214123E+01
   45   0.2033396E+01   0.1443611E+01  -0.1819526E+01
   46  -0.8448965E-02   0.8497809E+01   0.3915758E+00
   47   0.8512025E+00   0.6944405E+01  -0.2392461E+01
   48  -0.8032080E+01  -0.3862621E+01   0.5319762E+01
 Initial ssvpot =     1.935


 Number of unique UNfrozen centers=   44

 Non-linear optimization requested.
 qchnge =    0.3605252358E-01
 qchnge =    0.2687235332E-02
 qchnge =    0.4806202525E-03
 qchnge =    0.1063788102E-03
 qchnge =    0.2569265317E-04
 qchnge =    0.6452594133E-05
 qchnge =    0.1649605032E-05
 qchnge =    0.4251587583E-06

 Convergence in    7 iterations


Resp charges for organic molecule                                               

          Point Charges Before & After Optimization

    no.  At.no.    q(init)       q(opt)     ivary    d(rstr)/dq
    1   8       0.000000      -0.464391      0       0.001053
    2   6       0.000000      -0.298736      0       0.001587
    3   6       0.000000       0.557019      0       0.000884
    4   6       0.000000       0.493586      0       0.000993
    5   6       0.000000      -0.377891      0       0.001279
    6   6       0.000000       0.177383      0       0.002455
    7   6       0.000000       0.043641      0       0.004583
    8   7       0.000000      -0.620234      0       0.000796
    9   6       0.000000      -0.053123      0       0.004416
   10   6       0.000000       0.278795      0       0.001688
   11   6       0.000000      -0.230288      0       0.001991
   12   6       0.000000      -0.059926      0       0.004289
   13   6       0.000000      -0.141621      0       0.002884
   14   6       0.000000       0.059250      0       0.004301
   15   6       0.000000       0.067398      0       0.004146
   16   6       0.000000      -0.118201      0       0.003229
   17   6       0.000000      -0.057179      0       0.004341
   18   6       0.000000      -0.095045      0       0.003624
   19   6       0.000000      -0.057179     17       0.004341
   20   6       0.000000      -0.118201     16       0.003229
   21   6       0.000000      -0.243906      0       0.001897
   22   6       0.000000       0.131504      0       0.003027
   23   6       0.000000      -0.487126      0       0.001005
   24   8       0.000000      -0.316172      0       0.001508
   25   8       0.000000      -0.476208      0       0.001028
   26   1       0.000000       0.308697      0       0.000000
   27   1       0.000000       0.086723      0       0.000000
   28   1       0.000000      -0.049147      0       0.000000
   29   1       0.000000       0.167751      0       0.000000
   30   1       0.000000       0.076404      0       0.000000
   31   1       0.000000       0.042045      0       0.000000
   32   1       0.000000       0.073743      0       0.000000
   33   1       0.000000       0.045832      0       0.000000
   34   1       0.000000       0.320049      0       0.000000
   35   1       0.000000       0.079696      0       0.000000
   36   1       0.000000       0.111536      0       0.000000
   37   1       0.000000       0.111782      0       0.000000
   38   1       0.000000       0.080049      0       0.000000
   39   1       0.000000       0.099938      0       0.000000
   40   1       0.000000       0.073811      0       0.000000
   41   1       0.000000       0.073976      0       0.000000
   42   1       0.000000       0.076057      0       0.000000
   43   1       0.000000       0.073976     41       0.000000
   44   1       0.000000       0.073811     40       0.000000
   45   1       0.000000       0.120308      0       0.000000
   46   1       0.000000       0.021285      0       0.000000
   47   1       0.000000       0.046754      0       0.000000
   48   1       0.000000       0.291776      0       0.000000

 Sum over the calculated charges:     -0.000

        Statistics of the fitting:
  The initial sum of squares (ssvpot)                      1.935
  The residual sum of squares (chipot)                     0.027
  The std err of estimate (sqrt(chipot/N))               0.00154
  ESP relative RMS (SQRT(chipot/ssvpot))                 0.11861

 Center of Mass (Angst.):

 X  =   0.00000      Y  =   0.00000      Z  =   0.00000

 Dipole (Debye):

 X  =  -1.30090      Y  =  -2.41814      Z  =   3.27144

 Dipole Moment (Debye)=   4.27107

 Quadrupole (Debye*Angst.):

 Qxx =  14.35612     QYY =   4.84482     QZZ = -19.20094
 Qxy = -19.65971     QXZ = -54.54395     QYZ =  -2.63432
