
 -----------------------------------------------
      Restrained ESP Fit 2.3  Amber 4.1
 -----------------------------------------------
 Resp charges for organic molecule                                               
 -----------------------------------------------


 inopt       =     0   ioutopt     =     1
 nmol        =     1   iqopt       =     2
 ihfree      =     1   irstrnt     =     1
 iunits      =     0   qwt         =   0.00100000
 wtmol(1) =     1.000000
 subtitle:

Resp charges for organic molecule                                               
ich =   0  iuniq =  45
    1    8  -99
    2    6  -99
    3    6    0
    4    8  -99
    5    6  -99
    6    6    0
    7    6    0
    8    6    0
    9    7  -99
   10    6    0
   11    6  -99
   12    6  -99
   13    6  -99
   14    6  -99
   15    6  -99
   16    6  -99
   17    6  -99
   18    6  -99
   19    6  -99
   20    6  -99
   21    6  -99
   22    6  -99
   23    1  -99
   24    1  -99
   25    1    0
   26    1   25
   27    1  -99
   28    1    0
   29    1   28
   30    1    0
   31    1   30
   32    1    0
   33    1   32
   34    1  -99
   35    1    0
   36    1   35
   37    1  -99
   38    1  -99
   39    1  -99
   40    1  -99
   41    1  -99
   42    1  -99
   43    1  -99
   44    1  -99
   45    1  -99
 new q0 values to be read  45

  ----------------------------------------------------------------------------
     ATOM                       COORDINATES                         CHARGE
                       X             Y                Z
  ----------------------------------------------------------------------------
  ----------------------------------------------------------------------------


 Charge on the molecule(ich) =    0
 Total number of atoms (iuniq)     =   45
 Weight factor on initial charge restraints(qwt)=     0.10000D-02


  there are  1 charge constraints:


     1       1
     2       1
     3       1
     4       1
     5       1
     6       1
     7       1
     8       1
     9       1
    10       1
    11       1
    12       1
    13       1
    14       1
    15       1
    16       1
    17       1
    18       1
    19       1
    20       1
    21       1
    22       1
    23       1
    24       1
    25       1
    26       1
    27       1
    28       1
    29       1
    30       1
    31       1
    32       1
    33       1
    34       1
    35       1
    36       1
    37       1
    38       1
    39       1
    40       1
    41       1
    42       1
    43       1
    44       1
    45       1

 Reading esp"s for molecule   1
 total number of atoms      =    45
 total number of esp points = 10305


 center     X       Y       Z 
    1   0.1070804E+01   0.6524043E+01   0.3677159E+01
    2   0.1541336E+01   0.5417489E+01   0.1259655E+01
    3   0.3342957E+01   0.3152284E+01   0.1565062E+01
    4   0.3815049E+01   0.2044443E+01  -0.8550160E+00
    5   0.5492472E+01  -0.5579227E-01  -0.5726663E+00
    6   0.6068681E+01  -0.1368298E+01  -0.2991136E+01
    7   0.8309063E+01  -0.3162264E+01  -0.2376786E+01
    8   0.8045646E+01  -0.4162749E+01   0.3851413E+00
    9   0.5428682E+01  -0.4628406E+01   0.8228396E+00
   10   0.4199640E+01  -0.2093952E+01   0.1144201E+01
   11  -0.9700493E+00   0.4511475E+01   0.1005769E+00
   12  -0.2391826E+01   0.6146451E+01  -0.1420078E+01
   13  -0.4679451E+01   0.5324108E+01  -0.2471643E+01
   14  -0.5541684E+01   0.2863978E+01  -0.2005895E+01
   15  -0.4119656E+01   0.1227156E+01  -0.4855519E+00
   16  -0.5067374E+01  -0.1474884E+01   0.2711001E-01
   17  -0.3645346E+01  -0.3111706E+01   0.1547453E+01
   18  -0.4509385E+01  -0.5572158E+01   0.2013656E+01
   19  -0.6797507E+01  -0.6394262E+01   0.9602832E+00
   20  -0.8219288E+01  -0.4755832E+01  -0.5579397E+00
   21  -0.7355496E+01  -0.2296988E+01  -0.1026263E+01
   22  -0.1832282E+01   0.2051345E+01   0.5663263E+00
   23   0.2635221E+01   0.7089394E+01   0.4399930E+01
   24   0.2388238E+01   0.6790468E+01   0.4204640E-01
   25   0.5088316E+01   0.3782545E+01   0.2369093E+01
   26   0.2498112E+01   0.1777780E+01   0.2781903E+01
   27   0.7241562E+01   0.6011747E+00   0.2022517E+00
   28   0.6601830E+01  -0.1369654E+00  -0.4502652E+01
   29   0.4401606E+01  -0.2381359E+01  -0.3527423E+01
   30   0.1008944E+02  -0.2206777E+01  -0.2460198E+01
   31   0.8268759E+01  -0.4644363E+01  -0.3750877E+01
   32   0.8632240E+01  -0.2769775E+01   0.1729445E+01
   33   0.9190047E+01  -0.5816280E+01   0.5946344E+00
   34   0.4776420E+01  -0.5563476E+01  -0.6859460E+00
   35   0.4343807E+01  -0.1432170E+01   0.3049209E+01
   36   0.2254281E+01  -0.2338079E+01   0.6517136E+00
   37  -0.1733073E+01   0.8025126E+01  -0.1778160E+01
   38  -0.5766308E+01   0.6574370E+01  -0.3633442E+01
   39  -0.7288601E+01   0.2235003E+01  -0.2807351E+01
   40  -0.1899486E+01  -0.2485141E+01   0.2350857E+01
   41  -0.3423025E+01  -0.6822183E+01   0.3173647E+01
   42  -0.7457008E+01  -0.8270853E+01   0.1316871E+01
   43  -0.9964897E+01  -0.5384245E+01  -0.1361657E+01
   44  -0.8441856E+01  -0.1046965E+01  -0.2186254E+01
   45  -0.7459221E+00   0.8013213E+00   0.1726318E+01
 Initial ssvpot =     2.568


 Number of unique UNfrozen centers=   10

 Non-linear optimization requested.
 qchnge =    0.4111946553E-01
 qchnge =    0.9032942591E-03
 qchnge =    0.9976691094E-04
 qchnge =    0.1336619604E-04
 qchnge =    0.1849840820E-05
 qchnge =    0.2575083096E-06

 Convergence in    5 iterations


Resp charges for organic molecule                                               

          Point Charges Before & After Optimization

    no.  At.no.    q(init)       q(opt)     ivary    d(rstr)/dq
    1   8      -0.748499      -0.748499    -99       0.001324
    2   6       0.348168       0.348168    -99       0.002761
    3   6       0.212133       0.223453      0       0.004085
    4   8      -0.706916      -0.706916    -99       0.001401
    5   6       0.492458       0.492458    -99       0.001990
    6   6      -0.006378      -0.073382      0       0.008062
    7   6      -0.295798      -0.213726      0       0.004238
    8   6       0.363489       0.444371      0       0.002195
    9   7      -0.957740      -0.957740    -99       0.001038
   10   6       0.077039       0.068539      0       0.008249
   11   6       0.090977       0.090977    -99       0.007397
   12   6      -0.190262      -0.190262    -99       0.004652
   13   6      -0.125998      -0.125998    -99       0.006217
   14   6      -0.170588      -0.170588    -99       0.005057
   15   6       0.001330       0.001330    -99       0.009999
   16   6       0.068496       0.068496    -99       0.008250
   17   6      -0.137875      -0.137875    -99       0.005871
   18   6      -0.140334      -0.140334    -99       0.005803
   19   6      -0.130257      -0.130257    -99       0.006090
   20   6      -0.140334      -0.140334    -99       0.005803
   21   6      -0.137875      -0.137875    -99       0.005871
   22   6      -0.110106      -0.110106    -99       0.006723
   23   1       0.442811       0.442811    -99       0.000000
   24   1       0.023532       0.023532    -99       0.000000
   25   1      -0.003675      -0.023155      0       0.000000
   26   1      -0.043180      -0.023155     25       0.000000
   27   1       0.003838       0.003838    -99       0.000000
   28   1       0.045634       0.046769      0       0.000000
   29   1       0.006127       0.046769     28       0.000000
   30   1       0.037533       0.038846      0       0.000000
   31   1       0.091635       0.038846     30       0.000000
   32   1      -0.020789      -0.039681      0       0.000000
   33   1       0.006280      -0.039681     32       0.000000
   34   1       0.424171       0.424171    -99       0.000000
   35   1       0.084767       0.080629      0       0.000000
   36   1       0.101257       0.080629     35       0.000000
   37   1       0.132102       0.132102    -99       0.000000
   38   1       0.132559       0.132559    -99       0.000000
   39   1       0.140259       0.140259    -99       0.000000
   40   1       0.122496       0.122496    -99       0.000000
   41   1       0.129782       0.129782    -99       0.000000
   42   1       0.127767       0.127767    -99       0.000000
   43   1       0.129782       0.129782    -99       0.000000
   44   1       0.122496       0.122496    -99       0.000000
   45   1       0.107687       0.107687    -99       0.000000

 Sum over the calculated charges:     -0.000

        Statistics of the fitting:
  The initial sum of squares (ssvpot)                      2.568
  The residual sum of squares (chipot)                     0.038
  The std err of estimate (sqrt(chipot/N))               0.00191
  ESP relative RMS (SQRT(chipot/ssvpot))                 0.12130

 Center of Mass (Angst.):

 X  =   0.00000      Y  =   0.00000      Z  =   0.00000

 Dipole (Debye):

 X  =   2.47282      Y  =  -0.10658      Z  =  -0.89904

 Dipole Moment (Debye)=   2.63334

 Quadrupole (Debye*Angst.):

 Qxx =  29.49560     QYY =  -5.02208     QZZ = -24.47352
 Qxy = -12.52584     QXZ = -12.99035     QYZ = -33.51148
