STAR version=2.7.10a
STAR compilation time,server,dir=2022-01-16T16:35:44+00:00 <place not set in Debian package>
##### Command Line:
/usr/lib/rna-star/bin/STAR-avx2 --genomeDir index --readFilesIn datos/batch3_2.fastq --outFileNamePrefix alignments/batch3_2_ --outSAMtype BAM SortedByCoordinate --quantMode GeneCounts
##### Initial USER parameters from Command Line:
outFileNamePrefix                 alignments/batch3_2_
###### All USER parameters from Command Line:
genomeDir                     index     ~RE-DEFINED
readFilesIn                   datos/batch3_2.fastq        ~RE-DEFINED
outFileNamePrefix             alignments/batch3_2_     ~RE-DEFINED
outSAMtype                    BAM   SortedByCoordinate        ~RE-DEFINED
quantMode                     GeneCounts        ~RE-DEFINED
##### Finished reading parameters from all sources

##### Final user re-defined parameters-----------------:
genomeDir                         index
readFilesIn                       datos/batch3_2.fastq   
outFileNamePrefix                 alignments/batch3_2_
outSAMtype                        BAM   SortedByCoordinate   
quantMode                         GeneCounts   

-------------------------------
##### Final effective command line:
/usr/lib/rna-star/bin/STAR-avx2   --genomeDir index   --readFilesIn datos/batch3_2.fastq      --outFileNamePrefix alignments/batch3_2_   --outSAMtype BAM   SortedByCoordinate      --quantMode GeneCounts   
----------------------------------------

Number of fastq files for each mate = 1
ParametersSolo: --soloCellFilterType CellRanger2.2 filtering parameters:  3000 0.99 10
WARNING: --limitBAMsortRAM=0, will use genome size as RAM limit for BAM sorting
Finished loading and checking parameters
Reading genome generation parameters:
### /usr/lib/rna-star/bin/STAR-avx2   --runMode genomeGenerate      --genomeDir index   --genomeFastaFiles datos/sacCer_ChrI.fa      --genomeSAindexNbases 7   --sjdbGTFfile datos/sacCer_genes.gtf   --sjdbOverhang 100
### GstrandBit=32
versionGenome                 2.7.4a     ~RE-DEFINED
genomeType                    Full     ~RE-DEFINED
genomeFastaFiles              datos/sacCer_ChrI.fa        ~RE-DEFINED
genomeSAindexNbases           7     ~RE-DEFINED
genomeChrBinNbits             18     ~RE-DEFINED
genomeSAsparseD               1     ~RE-DEFINED
genomeTransformType           None     ~RE-DEFINED
genomeTransformVCF            -     ~RE-DEFINED
sjdbOverhang                  100     ~RE-DEFINED
sjdbFileChrStartEnd           -        ~RE-DEFINED
sjdbGTFfile                   datos/sacCer_genes.gtf     ~RE-DEFINED
sjdbGTFchrPrefix              -     ~RE-DEFINED
sjdbGTFfeatureExon            exon     ~RE-DEFINED
sjdbGTFtagExonParentTranscripttranscript_id     ~RE-DEFINED
sjdbGTFtagExonParentGene      gene_id     ~RE-DEFINED
sjdbInsertSave                Basic     ~RE-DEFINED
genomeFileSizes               263149   1907469        ~RE-DEFINED
Genome version is compatible with current STAR
Number of real (reference) chromosomes= 1
1	chrI	230208	0
--sjdbOverhang = 100 taken from the generated genome
Started loading the genome: Wed May 24 13:15:25 2023

Genome: size given as a parameter = 263149
SA: size given as a parameter = 1907469
SAindex: size given as a parameter = 1
Read from SAindex: pGe.gSAindexNbases=7  nSAi=21844
nGenome=263149;  nSAbyte=1907469
GstrandBit=32   SA number of indices=462416
Shared memory is not used for genomes. Allocated a private copy of the genome.
Genome file size: 263149 bytes; state: good=1 eof=0 fail=0 bad=0
Loading Genome ... done! state: good=1 eof=0 fail=0 bad=0; loaded 263149 bytes
SA file size: 1907469 bytes; state: good=1 eof=0 fail=0 bad=0
Loading SA ... done! state: good=1 eof=0 fail=0 bad=0; loaded 1907469 bytes
Loading SAindex ... done: 95643 bytes
Finished loading the genome: Wed May 24 13:15:25 2023

Processing splice junctions database sjdbN=5,   pGe.sjdbOverhang=100 
alignIntronMax=alignMatesGapMax=0, the max intron size will be approximately determined by (2^winBinNbits)*winAnchorDistNbins=589824
Thread #0 end of input stream, nextChar=-1
BAM sorting: 46875 mapped reads
BAM sorting bins genomic start loci:
1	0	36134
2	0	46481
3	0	57181
4	0	58310
5	0	61734
6	0	65869
7	0	71790
8	0	71878
9	0	71962
10	0	72072
11	0	72167
12	0	72278
13	0	72372
14	0	72469
15	0	72588
16	0	72723
17	0	72833
18	0	72938
19	0	73024
20	0	73112
21	0	73233
22	0	76562
23	0	77850
24	0	79246
25	0	88769
26	0	98533
27	0	106295
28	0	107500
29	0	110328
30	0	117323
31	0	126377
32	0	130931
33	0	131629
34	0	137549
35	0	139834
36	0	140229
37	0	140742
38	0	142172
39	0	142677
40	0	142852
41	0	143001
42	0	143237
43	0	153165
44	0	155664
45	0	165689
46	0	169447
47	0	169912
48	0	184214
Completed: thread #0
May 24 13:15:27 ..... started sorting BAM
Max memory needed for sorting = 244052
ALL DONE!
