                                 Started job on |	May 24 13:14:57
                             Started mapping on |	May 24 13:14:57
                                    Finished on |	May 24 13:15:02
       Mapping speed, Million of reads per hour |	31.72

                          Number of input reads |	44050
                      Average input read length |	97
                                    UNIQUE READS:
                   Uniquely mapped reads number |	43995
                        Uniquely mapped reads % |	99.88%
                          Average mapped length |	97.94
                       Number of splices: Total |	597
            Number of splices: Annotated (sjdb) |	591
                       Number of splices: GT/AG |	597
                       Number of splices: GC/AG |	0
                       Number of splices: AT/AC |	0
               Number of splices: Non-canonical |	0
                      Mismatch rate per base, % |	0.12%
                         Deletion rate per base |	0.00%
                        Deletion average length |	1.07
                        Insertion rate per base |	0.00%
                       Insertion average length |	1.10
                             MULTI-MAPPING READS:
        Number of reads mapped to multiple loci |	55
             % of reads mapped to multiple loci |	0.12%
        Number of reads mapped to too many loci |	0
             % of reads mapped to too many loci |	0.00%
                                  UNMAPPED READS:
  Number of reads unmapped: too many mismatches |	0
       % of reads unmapped: too many mismatches |	0.00%
            Number of reads unmapped: too short |	0
                 % of reads unmapped: too short |	0.00%
                Number of reads unmapped: other |	0
                     % of reads unmapped: other |	0.00%
                                  CHIMERIC READS:
                       Number of chimeric reads |	0
                            % of chimeric reads |	0.00%
