                                 Started job on |	May 24 13:15:14
                             Started mapping on |	May 24 13:15:14
                                    Finished on |	May 24 13:15:19
       Mapping speed, Million of reads per hour |	43.13

                          Number of input reads |	59900
                      Average input read length |	92
                                    UNIQUE READS:
                   Uniquely mapped reads number |	59794
                        Uniquely mapped reads % |	99.82%
                          Average mapped length |	92.86
                       Number of splices: Total |	792
            Number of splices: Annotated (sjdb) |	782
                       Number of splices: GT/AG |	792
                       Number of splices: GC/AG |	0
                       Number of splices: AT/AC |	0
               Number of splices: Non-canonical |	0
                      Mismatch rate per base, % |	0.20%
                         Deletion rate per base |	0.00%
                        Deletion average length |	1.15
                        Insertion rate per base |	0.00%
                       Insertion average length |	1.08
                             MULTI-MAPPING READS:
        Number of reads mapped to multiple loci |	106
             % of reads mapped to multiple loci |	0.18%
        Number of reads mapped to too many loci |	0
             % of reads mapped to too many loci |	0.00%
                                  UNMAPPED READS:
  Number of reads unmapped: too many mismatches |	0
       % of reads unmapped: too many mismatches |	0.00%
            Number of reads unmapped: too short |	0
                 % of reads unmapped: too short |	0.00%
                Number of reads unmapped: other |	0
                     % of reads unmapped: other |	0.00%
                                  CHIMERIC READS:
                       Number of chimeric reads |	0
                            % of chimeric reads |	0.00%
