                                 Started job on |	May 31 17:42:35
                             Started mapping on |	May 31 17:42:35
                                    Finished on |	May 31 17:42:42
       Mapping speed, Million of reads per hour |	30.81

                          Number of input reads |	59900
                      Average input read length |	190
                                    UNIQUE READS:
                   Uniquely mapped reads number |	59447
                        Uniquely mapped reads % |	99.24%
                          Average mapped length |	190.04
                       Number of splices: Total |	1580
            Number of splices: Annotated (sjdb) |	1572
                       Number of splices: GT/AG |	1578
                       Number of splices: GC/AG |	0
                       Number of splices: AT/AC |	0
               Number of splices: Non-canonical |	2
                      Mismatch rate per base, % |	0.16%
                         Deletion rate per base |	0.00%
                        Deletion average length |	1.15
                        Insertion rate per base |	0.01%
                       Insertion average length |	1.07
                             MULTI-MAPPING READS:
        Number of reads mapped to multiple loci |	82
             % of reads mapped to multiple loci |	0.14%
        Number of reads mapped to too many loci |	1
             % of reads mapped to too many loci |	0.00%
                                  UNMAPPED READS:
  Number of reads unmapped: too many mismatches |	0
       % of reads unmapped: too many mismatches |	0.00%
            Number of reads unmapped: too short |	370
                 % of reads unmapped: too short |	0.62%
                Number of reads unmapped: other |	0
                     % of reads unmapped: other |	0.00%
                                  CHIMERIC READS:
                       Number of chimeric reads |	0
                            % of chimeric reads |	0.00%
