                                 Started job on |	May 31 17:37:33
                             Started mapping on |	May 31 17:37:34
                                    Finished on |	May 31 17:37:39
       Mapping speed, Million of reads per hour |	31.72

                          Number of input reads |	44050
                      Average input read length |	188
                                    UNIQUE READS:
                   Uniquely mapped reads number |	43627
                        Uniquely mapped reads % |	99.04%
                          Average mapped length |	188.31
                       Number of splices: Total |	1153
            Number of splices: Annotated (sjdb) |	1147
                       Number of splices: GT/AG |	1153
                       Number of splices: GC/AG |	0
                       Number of splices: AT/AC |	0
               Number of splices: Non-canonical |	0
                      Mismatch rate per base, % |	0.18%
                         Deletion rate per base |	0.00%
                        Deletion average length |	1.05
                        Insertion rate per base |	0.01%
                       Insertion average length |	1.09
                             MULTI-MAPPING READS:
        Number of reads mapped to multiple loci |	48
             % of reads mapped to multiple loci |	0.11%
        Number of reads mapped to too many loci |	0
             % of reads mapped to too many loci |	0.00%
                                  UNMAPPED READS:
  Number of reads unmapped: too many mismatches |	0
       % of reads unmapped: too many mismatches |	0.00%
            Number of reads unmapped: too short |	375
                 % of reads unmapped: too short |	0.85%
                Number of reads unmapped: other |	0
                     % of reads unmapped: other |	0.00%
                                  CHIMERIC READS:
                       Number of chimeric reads |	0
                            % of chimeric reads |	0.00%
