                                 Started job on |	May 24 13:15:02
                             Started mapping on |	May 24 13:15:02
                                    Finished on |	May 24 13:15:07
       Mapping speed, Million of reads per hour |	31.72

                          Number of input reads |	44050
                      Average input read length |	90
                                    UNIQUE READS:
                   Uniquely mapped reads number |	43970
                        Uniquely mapped reads % |	99.82%
                          Average mapped length |	90.38
                       Number of splices: Total |	568
            Number of splices: Annotated (sjdb) |	559
                       Number of splices: GT/AG |	568
                       Number of splices: GC/AG |	0
                       Number of splices: AT/AC |	0
               Number of splices: Non-canonical |	0
                      Mismatch rate per base, % |	0.23%
                         Deletion rate per base |	0.00%
                        Deletion average length |	1.05
                        Insertion rate per base |	0.01%
                       Insertion average length |	1.09
                             MULTI-MAPPING READS:
        Number of reads mapped to multiple loci |	80
             % of reads mapped to multiple loci |	0.18%
        Number of reads mapped to too many loci |	0
             % of reads mapped to too many loci |	0.00%
                                  UNMAPPED READS:
  Number of reads unmapped: too many mismatches |	0
       % of reads unmapped: too many mismatches |	0.00%
            Number of reads unmapped: too short |	0
                 % of reads unmapped: too short |	0.00%
                Number of reads unmapped: other |	0
                     % of reads unmapped: other |	0.00%
                                  CHIMERIC READS:
                       Number of chimeric reads |	0
                            % of chimeric reads |	0.00%
