                                 Started job on |	May 31 17:42:54
                             Started mapping on |	May 31 17:42:54
                                    Finished on |	May 31 17:43:00
       Mapping speed, Million of reads per hour |	28.06

                          Number of input reads |	46775
                      Average input read length |	187
                                    UNIQUE READS:
                   Uniquely mapped reads number |	46389
                        Uniquely mapped reads % |	99.17%
                          Average mapped length |	187.66
                       Number of splices: Total |	1309
            Number of splices: Annotated (sjdb) |	1303
                       Number of splices: GT/AG |	1306
                       Number of splices: GC/AG |	0
                       Number of splices: AT/AC |	0
               Number of splices: Non-canonical |	3
                      Mismatch rate per base, % |	0.18%
                         Deletion rate per base |	0.00%
                        Deletion average length |	1.16
                        Insertion rate per base |	0.00%
                       Insertion average length |	1.07
                             MULTI-MAPPING READS:
        Number of reads mapped to multiple loci |	59
             % of reads mapped to multiple loci |	0.13%
        Number of reads mapped to too many loci |	0
             % of reads mapped to too many loci |	0.00%
                                  UNMAPPED READS:
  Number of reads unmapped: too many mismatches |	0
       % of reads unmapped: too many mismatches |	0.00%
            Number of reads unmapped: too short |	326
                 % of reads unmapped: too short |	0.70%
                Number of reads unmapped: other |	1
                     % of reads unmapped: other |	0.00%
                                  CHIMERIC READS:
                       Number of chimeric reads |	0
                            % of chimeric reads |	0.00%
