                                 Started job on |	May 24 13:15:25
                             Started mapping on |	May 24 13:15:25
                                    Finished on |	May 24 13:15:31
       Mapping speed, Million of reads per hour |	28.06

                          Number of input reads |	46775
                      Average input read length |	89
                                    UNIQUE READS:
                   Uniquely mapped reads number |	46687
                        Uniquely mapped reads % |	99.81%
                          Average mapped length |	89.66
                       Number of splices: Total |	644
            Number of splices: Annotated (sjdb) |	637
                       Number of splices: GT/AG |	644
                       Number of splices: GC/AG |	0
                       Number of splices: AT/AC |	0
               Number of splices: Non-canonical |	0
                      Mismatch rate per base, % |	0.24%
                         Deletion rate per base |	0.00%
                        Deletion average length |	1.10
                        Insertion rate per base |	0.00%
                       Insertion average length |	1.09
                             MULTI-MAPPING READS:
        Number of reads mapped to multiple loci |	88
             % of reads mapped to multiple loci |	0.19%
        Number of reads mapped to too many loci |	0
             % of reads mapped to too many loci |	0.00%
                                  UNMAPPED READS:
  Number of reads unmapped: too many mismatches |	0
       % of reads unmapped: too many mismatches |	0.00%
            Number of reads unmapped: too short |	0
                 % of reads unmapped: too short |	0.00%
                Number of reads unmapped: other |	0
                     % of reads unmapped: other |	0.00%
                                  CHIMERIC READS:
                       Number of chimeric reads |	0
                            % of chimeric reads |	0.00%
