                                 Started job on |	May 24 13:15:20
                             Started mapping on |	May 24 13:15:20
                                    Finished on |	May 24 13:15:25
       Mapping speed, Million of reads per hour |	33.68

                          Number of input reads |	46775
                      Average input read length |	98
                                    UNIQUE READS:
                   Uniquely mapped reads number |	46707
                        Uniquely mapped reads % |	99.85%
                          Average mapped length |	98.05
                       Number of splices: Total |	681
            Number of splices: Annotated (sjdb) |	675
                       Number of splices: GT/AG |	681
                       Number of splices: GC/AG |	0
                       Number of splices: AT/AC |	0
               Number of splices: Non-canonical |	0
                      Mismatch rate per base, % |	0.11%
                         Deletion rate per base |	0.00%
                        Deletion average length |	1.21
                        Insertion rate per base |	0.00%
                       Insertion average length |	1.05
                             MULTI-MAPPING READS:
        Number of reads mapped to multiple loci |	68
             % of reads mapped to multiple loci |	0.15%
        Number of reads mapped to too many loci |	0
             % of reads mapped to too many loci |	0.00%
                                  UNMAPPED READS:
  Number of reads unmapped: too many mismatches |	0
       % of reads unmapped: too many mismatches |	0.00%
            Number of reads unmapped: too short |	0
                 % of reads unmapped: too short |	0.00%
                Number of reads unmapped: other |	0
                     % of reads unmapped: other |	0.00%
                                  CHIMERIC READS:
                       Number of chimeric reads |	0
                            % of chimeric reads |	0.00%
