                                 Started job on |	May 31 17:43:03
                             Started mapping on |	May 31 17:43:04
                                    Finished on |	May 31 17:43:10
       Mapping speed, Million of reads per hour |	23.00

                          Number of input reads |	38325
                      Average input read length |	189
                                    UNIQUE READS:
                   Uniquely mapped reads number |	37974
                        Uniquely mapped reads % |	99.08%
                          Average mapped length |	188.99
                       Number of splices: Total |	692
            Number of splices: Annotated (sjdb) |	682
                       Number of splices: GT/AG |	690
                       Number of splices: GC/AG |	0
                       Number of splices: AT/AC |	0
               Number of splices: Non-canonical |	2
                      Mismatch rate per base, % |	0.28%
                         Deletion rate per base |	0.00%
                        Deletion average length |	1.21
                        Insertion rate per base |	0.01%
                       Insertion average length |	1.08
                             MULTI-MAPPING READS:
        Number of reads mapped to multiple loci |	79
             % of reads mapped to multiple loci |	0.21%
        Number of reads mapped to too many loci |	0
             % of reads mapped to too many loci |	0.00%
                                  UNMAPPED READS:
  Number of reads unmapped: too many mismatches |	0
       % of reads unmapped: too many mismatches |	0.00%
            Number of reads unmapped: too short |	268
                 % of reads unmapped: too short |	0.70%
                Number of reads unmapped: other |	4
                     % of reads unmapped: other |	0.01%
                                  CHIMERIC READS:
                       Number of chimeric reads |	0
                            % of chimeric reads |	0.00%
