                                 Started job on |	May 31 17:43:20
                             Started mapping on |	May 31 17:43:20
                                    Finished on |	May 31 17:43:28
       Mapping speed, Million of reads per hour |	25.59

                          Number of input reads |	56865
                      Average input read length |	190
                                    UNIQUE READS:
                   Uniquely mapped reads number |	56439
                        Uniquely mapped reads % |	99.25%
                          Average mapped length |	190.01
                       Number of splices: Total |	974
            Number of splices: Annotated (sjdb) |	967
                       Number of splices: GT/AG |	974
                       Number of splices: GC/AG |	0
                       Number of splices: AT/AC |	0
               Number of splices: Non-canonical |	0
                      Mismatch rate per base, % |	0.26%
                         Deletion rate per base |	0.00%
                        Deletion average length |	1.17
                        Insertion rate per base |	0.01%
                       Insertion average length |	1.08
                             MULTI-MAPPING READS:
        Number of reads mapped to multiple loci |	110
             % of reads mapped to multiple loci |	0.19%
        Number of reads mapped to too many loci |	0
             % of reads mapped to too many loci |	0.00%
                                  UNMAPPED READS:
  Number of reads unmapped: too many mismatches |	0
       % of reads unmapped: too many mismatches |	0.00%
            Number of reads unmapped: too short |	312
                 % of reads unmapped: too short |	0.55%
                Number of reads unmapped: other |	4
                     % of reads unmapped: other |	0.01%
                                  CHIMERIC READS:
                       Number of chimeric reads |	0
                            % of chimeric reads |	0.00%
