                                 Started job on |	May 31 17:43:12
                             Started mapping on |	May 31 17:43:12
                                    Finished on |	May 31 17:43:19
       Mapping speed, Million of reads per hour |	24.25

                          Number of input reads |	47162
                      Average input read length |	190
                                    UNIQUE READS:
                   Uniquely mapped reads number |	46832
                        Uniquely mapped reads % |	99.30%
                          Average mapped length |	190.29
                       Number of splices: Total |	711
            Number of splices: Annotated (sjdb) |	707
                       Number of splices: GT/AG |	708
                       Number of splices: GC/AG |	0
                       Number of splices: AT/AC |	0
               Number of splices: Non-canonical |	3
                      Mismatch rate per base, % |	0.26%
                         Deletion rate per base |	0.00%
                        Deletion average length |	1.23
                        Insertion rate per base |	0.01%
                       Insertion average length |	1.06
                             MULTI-MAPPING READS:
        Number of reads mapped to multiple loci |	79
             % of reads mapped to multiple loci |	0.17%
        Number of reads mapped to too many loci |	0
             % of reads mapped to too many loci |	0.00%
                                  UNMAPPED READS:
  Number of reads unmapped: too many mismatches |	0
       % of reads unmapped: too many mismatches |	0.00%
            Number of reads unmapped: too short |	248
                 % of reads unmapped: too short |	0.53%
                Number of reads unmapped: other |	3
                     % of reads unmapped: other |	0.01%
                                  CHIMERIC READS:
                       Number of chimeric reads |	0
                            % of chimeric reads |	0.00%
