                                 Started job on |	May 24 13:15:55
                             Started mapping on |	May 24 13:15:55
                                    Finished on |	May 24 13:16:00
       Mapping speed, Million of reads per hour |	40.94

                          Number of input reads |	56865
                      Average input read length |	98
                                    UNIQUE READS:
                   Uniquely mapped reads number |	56746
                        Uniquely mapped reads % |	99.79%
                          Average mapped length |	98.07
                       Number of splices: Total |	511
            Number of splices: Annotated (sjdb) |	500
                       Number of splices: GT/AG |	511
                       Number of splices: GC/AG |	0
                       Number of splices: AT/AC |	0
               Number of splices: Non-canonical |	0
                      Mismatch rate per base, % |	0.22%
                         Deletion rate per base |	0.00%
                        Deletion average length |	1.16
                        Insertion rate per base |	0.01%
                       Insertion average length |	1.08
                             MULTI-MAPPING READS:
        Number of reads mapped to multiple loci |	119
             % of reads mapped to multiple loci |	0.21%
        Number of reads mapped to too many loci |	0
             % of reads mapped to too many loci |	0.00%
                                  UNMAPPED READS:
  Number of reads unmapped: too many mismatches |	0
       % of reads unmapped: too many mismatches |	0.00%
            Number of reads unmapped: too short |	0
                 % of reads unmapped: too short |	0.00%
                Number of reads unmapped: other |	0
                     % of reads unmapped: other |	0.00%
                                  CHIMERIC READS:
                       Number of chimeric reads |	0
                            % of chimeric reads |	0.00%
