                                 Started job on |	May 24 13:16:00
                             Started mapping on |	May 24 13:16:01
                                    Finished on |	May 24 13:16:06
       Mapping speed, Million of reads per hour |	40.94

                          Number of input reads |	56865
                      Average input read length |	92
                                    UNIQUE READS:
                   Uniquely mapped reads number |	56725
                        Uniquely mapped reads % |	99.75%
                          Average mapped length |	91.98
                       Number of splices: Total |	478
            Number of splices: Annotated (sjdb) |	470
                       Number of splices: GT/AG |	478
                       Number of splices: GC/AG |	0
                       Number of splices: AT/AC |	0
               Number of splices: Non-canonical |	0
                      Mismatch rate per base, % |	0.30%
                         Deletion rate per base |	0.00%
                        Deletion average length |	1.20
                        Insertion rate per base |	0.01%
                       Insertion average length |	1.09
                             MULTI-MAPPING READS:
        Number of reads mapped to multiple loci |	137
             % of reads mapped to multiple loci |	0.24%
        Number of reads mapped to too many loci |	1
             % of reads mapped to too many loci |	0.00%
                                  UNMAPPED READS:
  Number of reads unmapped: too many mismatches |	0
       % of reads unmapped: too many mismatches |	0.00%
            Number of reads unmapped: too short |	2
                 % of reads unmapped: too short |	0.00%
                Number of reads unmapped: other |	0
                     % of reads unmapped: other |	0.00%
                                  CHIMERIC READS:
                       Number of chimeric reads |	0
                            % of chimeric reads |	0.00%
