                                 Started job on |	May 24 13:15:37
                             Started mapping on |	May 24 13:15:38
                                    Finished on |	May 24 13:15:42
       Mapping speed, Million of reads per hour |	34.49

                          Number of input reads |	38325
                      Average input read length |	91
                                    UNIQUE READS:
                   Uniquely mapped reads number |	38229
                        Uniquely mapped reads % |	99.75%
                          Average mapped length |	91.18
                       Number of splices: Total |	330
            Number of splices: Annotated (sjdb) |	324
                       Number of splices: GT/AG |	330
                       Number of splices: GC/AG |	0
                       Number of splices: AT/AC |	0
               Number of splices: Non-canonical |	0
                      Mismatch rate per base, % |	0.33%
                         Deletion rate per base |	0.00%
                        Deletion average length |	1.16
                        Insertion rate per base |	0.01%
                       Insertion average length |	1.07
                             MULTI-MAPPING READS:
        Number of reads mapped to multiple loci |	95
             % of reads mapped to multiple loci |	0.25%
        Number of reads mapped to too many loci |	0
             % of reads mapped to too many loci |	0.00%
                                  UNMAPPED READS:
  Number of reads unmapped: too many mismatches |	0
       % of reads unmapped: too many mismatches |	0.00%
            Number of reads unmapped: too short |	0
                 % of reads unmapped: too short |	0.00%
                Number of reads unmapped: other |	1
                     % of reads unmapped: other |	0.00%
                                  CHIMERIC READS:
                       Number of chimeric reads |	0
                            % of chimeric reads |	0.00%
