                                 Started job on |	May 24 13:15:32
                             Started mapping on |	May 24 13:15:32
                                    Finished on |	May 24 13:15:37
       Mapping speed, Million of reads per hour |	27.59

                          Number of input reads |	38325
                      Average input read length |	97
                                    UNIQUE READS:
                   Uniquely mapped reads number |	38243
                        Uniquely mapped reads % |	99.79%
                          Average mapped length |	97.84
                       Number of splices: Total |	369
            Number of splices: Annotated (sjdb) |	361
                       Number of splices: GT/AG |	369
                       Number of splices: GC/AG |	0
                       Number of splices: AT/AC |	0
               Number of splices: Non-canonical |	0
                      Mismatch rate per base, % |	0.23%
                         Deletion rate per base |	0.00%
                        Deletion average length |	1.23
                        Insertion rate per base |	0.01%
                       Insertion average length |	1.10
                             MULTI-MAPPING READS:
        Number of reads mapped to multiple loci |	82
             % of reads mapped to multiple loci |	0.21%
        Number of reads mapped to too many loci |	0
             % of reads mapped to too many loci |	0.00%
                                  UNMAPPED READS:
  Number of reads unmapped: too many mismatches |	0
       % of reads unmapped: too many mismatches |	0.00%
            Number of reads unmapped: too short |	0
                 % of reads unmapped: too short |	0.00%
                Number of reads unmapped: other |	0
                     % of reads unmapped: other |	0.00%
                                  CHIMERIC READS:
                       Number of chimeric reads |	0
                            % of chimeric reads |	0.00%
