                                 Started job on |	May 24 13:15:48
                             Started mapping on |	May 24 13:15:48
                                    Finished on |	May 24 13:15:54
       Mapping speed, Million of reads per hour |	28.30

                          Number of input reads |	47162
                      Average input read length |	92
                                    UNIQUE READS:
                   Uniquely mapped reads number |	47057
                        Uniquely mapped reads % |	99.78%
                          Average mapped length |	92.31
                       Number of splices: Total |	346
            Number of splices: Annotated (sjdb) |	338
                       Number of splices: GT/AG |	345
                       Number of splices: GC/AG |	0
                       Number of splices: AT/AC |	0
               Number of splices: Non-canonical |	1
                      Mismatch rate per base, % |	0.30%
                         Deletion rate per base |	0.00%
                        Deletion average length |	1.25
                        Insertion rate per base |	0.01%
                       Insertion average length |	1.06
                             MULTI-MAPPING READS:
        Number of reads mapped to multiple loci |	104
             % of reads mapped to multiple loci |	0.22%
        Number of reads mapped to too many loci |	0
             % of reads mapped to too many loci |	0.00%
                                  UNMAPPED READS:
  Number of reads unmapped: too many mismatches |	0
       % of reads unmapped: too many mismatches |	0.00%
            Number of reads unmapped: too short |	0
                 % of reads unmapped: too short |	0.00%
                Number of reads unmapped: other |	1
                     % of reads unmapped: other |	0.00%
                                  CHIMERIC READS:
                       Number of chimeric reads |	0
                            % of chimeric reads |	0.00%
