STAR version=2.7.10a
STAR compilation time,server,dir=2022-01-16T16:35:44+00:00 <place not set in Debian package>
##### Command Line:
/usr/lib/rna-star/bin/STAR-avx2 --genomeDir index --readFilesIn datos/quimiostato1_1.fastq datos/quimiostato1_2.fastq --outFileNamePrefix alignments/quimiostato1 --outSAMtype BAM SortedByCoordinate --quantMode GeneCounts
##### Initial USER parameters from Command Line:
outFileNamePrefix                 alignments/quimiostato1
###### All USER parameters from Command Line:
genomeDir                     index     ~RE-DEFINED
readFilesIn                   datos/quimiostato1_1.fastq   datos/quimiostato1_2.fastq        ~RE-DEFINED
outFileNamePrefix             alignments/quimiostato1     ~RE-DEFINED
outSAMtype                    BAM   SortedByCoordinate        ~RE-DEFINED
quantMode                     GeneCounts        ~RE-DEFINED
##### Finished reading parameters from all sources

##### Final user re-defined parameters-----------------:
genomeDir                         index
readFilesIn                       datos/quimiostato1_1.fastq   datos/quimiostato1_2.fastq   
outFileNamePrefix                 alignments/quimiostato1
outSAMtype                        BAM   SortedByCoordinate   
quantMode                         GeneCounts   

-------------------------------
##### Final effective command line:
/usr/lib/rna-star/bin/STAR-avx2   --genomeDir index   --readFilesIn datos/quimiostato1_1.fastq   datos/quimiostato1_2.fastq      --outFileNamePrefix alignments/quimiostato1   --outSAMtype BAM   SortedByCoordinate      --quantMode GeneCounts   
----------------------------------------

Number of fastq files for each mate = 1
ParametersSolo: --soloCellFilterType CellRanger2.2 filtering parameters:  3000 0.99 10
WARNING: --limitBAMsortRAM=0, will use genome size as RAM limit for BAM sorting
Finished loading and checking parameters
Reading genome generation parameters:
### /usr/lib/rna-star/bin/STAR-avx2   --runMode genomeGenerate      --genomeDir index   --genomeFastaFiles datos/sacCer_ChrI.fa      --genomeSAindexNbases 7   --sjdbGTFfile datos/sacCer_genes.gtf   --sjdbOverhang 100
### GstrandBit=32
versionGenome                 2.7.4a     ~RE-DEFINED
genomeType                    Full     ~RE-DEFINED
genomeFastaFiles              datos/sacCer_ChrI.fa        ~RE-DEFINED
genomeSAindexNbases           7     ~RE-DEFINED
genomeChrBinNbits             18     ~RE-DEFINED
genomeSAsparseD               1     ~RE-DEFINED
genomeTransformType           None     ~RE-DEFINED
genomeTransformVCF            -     ~RE-DEFINED
sjdbOverhang                  100     ~RE-DEFINED
sjdbFileChrStartEnd           -        ~RE-DEFINED
sjdbGTFfile                   datos/sacCer_genes.gtf     ~RE-DEFINED
sjdbGTFchrPrefix              -     ~RE-DEFINED
sjdbGTFfeatureExon            exon     ~RE-DEFINED
sjdbGTFtagExonParentTranscripttranscript_id     ~RE-DEFINED
sjdbGTFtagExonParentGene      gene_id     ~RE-DEFINED
sjdbInsertSave                Basic     ~RE-DEFINED
genomeFileSizes               263149   1907469        ~RE-DEFINED
Genome version is compatible with current STAR
Number of real (reference) chromosomes= 1
1	chrI	230208	0
--sjdbOverhang = 100 taken from the generated genome
Started loading the genome: Wed May 31 17:43:03 2023

Genome: size given as a parameter = 263149
SA: size given as a parameter = 1907469
SAindex: size given as a parameter = 1
Read from SAindex: pGe.gSAindexNbases=7  nSAi=21844
nGenome=263149;  nSAbyte=1907469
GstrandBit=32   SA number of indices=462416
Shared memory is not used for genomes. Allocated a private copy of the genome.
Genome file size: 263149 bytes; state: good=1 eof=0 fail=0 bad=0
Loading Genome ... done! state: good=1 eof=0 fail=0 bad=0; loaded 263149 bytes
SA file size: 1907469 bytes; state: good=1 eof=0 fail=0 bad=0
Loading SA ... done! state: good=1 eof=0 fail=0 bad=0; loaded 1907469 bytes
Loading SAindex ... done: 95643 bytes
Finished loading the genome: Wed May 31 17:43:04 2023

Processing splice junctions database sjdbN=5,   pGe.sjdbOverhang=100 
alignIntronMax=alignMatesGapMax=0, the max intron size will be approximately determined by (2^winBinNbits)*winAnchorDistNbins=589824
Thread #0 end of input stream, nextChar=-1
BAM sorting: 76283 mapped reads
BAM sorting bins genomic start loci:
1	0	34222
2	0	36139
3	0	42848
4	0	43110
5	0	43385
6	0	43785
7	0	44056
8	0	44284
9	0	44599
10	0	44927
11	0	49973
12	0	57722
13	0	60522
14	0	65696
15	0	71818
16	0	72073
17	0	72341
18	0	72600
19	0	72902
20	0	73103
21	0	76468
22	0	78855
23	0	85526
24	0	96451
25	0	107414
26	0	114327
27	0	125065
28	0	128853
29	0	132901
30	0	139387
31	0	139578
32	0	139736
33	0	139889
34	0	140075
35	0	140198
36	0	140382
37	0	140566
38	0	140739
39	0	141122
40	0	141313
41	0	142629
42	0	142949
43	0	147211
44	0	154529
45	0	160948
46	0	169770
47	0	184164
48	0	191848
Completed: thread #0
May 31 17:43:06 ..... started sorting BAM
Max memory needed for sorting = 397032
ALL DONE!
