Discrepancy Report Results

Summary
FATAL: MISSING_PROTEIN_ID:24 proteins have invalid IDs.
DISC_SOURCE_QUALS_ASNDISC:strain (all present, all unique)
DISC_SOURCE_QUALS_ASNDISC:taxname (all present, all unique)
DISC_FEATURE_COUNT:CDS: 24 present
DISC_COUNT_NUCLEOTIDES:1 nucleotide Bioseqs are present
FEATURE_LOCATION_CONFLICT:24 features have inconsistent gene locations.
OVERLAPPING_CDS:2 coding regions overlap another coding region with a similar or identical name.
SUSPECT_PRODUCT_NAMES:1 product_names contain suspect phrase or characters
	use protein instead of gene as appropriate
		1 features contains 'genes'
DISC_QUALITY_SCORES:Quality scores are missing on all sequences.
ONCALLER_COMMENT_PRESENT:1 comment descriptors were found (all same)
MISSING_GENOMEASSEMBLY_COMMENTS:1 bioseqs are missing GenomeAssembly structured comments
MOLTYPE_NOT_MRNA:1 molecule types are not set as mRNA.
TECHNIQUE_NOT_TSA:1 technique are not set as TSA
MISSING_STRUCTURED_COMMENT:1 sequences do not include structured comments.
MISSING_PROJECT:25 sequences do not include project.
DISC_INCONSISTENT_MOLINFO_TECH:Molinfo Technique Report (some missing, all same)


Detailed Report

FATAL: DiscRep_ALL:MISSING_PROTEIN_ID::24 proteins have invalid IDs.
PROKKA_10232022/PROKKA_10232022:GBRBC20TF_1 (length 418)
PROKKA_10232022/PROKKA_10232022:GBRBC20TF_2 (length 520)
PROKKA_10232022/PROKKA_10232022:GBRBC20TF_3 (length 210)
PROKKA_10232022/PROKKA_10232022:GBRBC20TF_4 (length 191)
PROKKA_10232022/PROKKA_10232022:GBRBC20TF_5 (length 429)
PROKKA_10232022/PROKKA_10232022:GBRBC20TF_6 (length 208)
PROKKA_10232022/PROKKA_10232022:GBRBC20TF_7 (length 57)
PROKKA_10232022/PROKKA_10232022:GBRBC20TF_8 (length 499)
PROKKA_10232022/PROKKA_10232022:GBRBC20TF_9 (length 317)
PROKKA_10232022/PROKKA_10232022:GBRBC20TF_10 (length 357)
PROKKA_10232022/PROKKA_10232022:GBRBC20TF_11 (length 306)
PROKKA_10232022/PROKKA_10232022:GBRBC20TF_12 (length 196)
PROKKA_10232022/PROKKA_10232022:GBRBC20TF_13 (length 451)
PROKKA_10232022/PROKKA_10232022:GBRBC20TF_14 (length 368)
PROKKA_10232022/PROKKA_10232022:GBRBC20TF_15 (length 477)
PROKKA_10232022/PROKKA_10232022:GBRBC20TF_16 (length 471)
PROKKA_10232022/PROKKA_10232022:GBRBC20TF_17 (length 295)
PROKKA_10232022/PROKKA_10232022:GBRBC20TF_18 (length 530)
PROKKA_10232022/PROKKA_10232022:GBRBC20TF_19 (length 54)
PROKKA_10232022/PROKKA_10232022:GBRBC20TF_20 (length 114)
PROKKA_10232022/PROKKA_10232022:GBRBC20TF_21 (length 317)
PROKKA_10232022/PROKKA_10232022:GBRBC20TF_22 (length 426)
PROKKA_10232022/PROKKA_10232022:GBRBC20TF_23 (length 136)
PROKKA_10232022/PROKKA_10232022:GBRBC20TF_24 (length 98)

DiscRep_ALL:DISC_SOURCE_QUALS_ASNDISC::strain (all present, all unique)
DiscRep_SUB:DISC_SOURCE_QUALS_ASNDISC::1 sources have unique values for strain
DiscRep_ALL:DISC_SOURCE_QUALS_ASNDISC::taxname (all present, all unique)
DiscRep_SUB:DISC_SOURCE_QUALS_ASNDISC::1 sources have unique values for taxname
DiscRep_ALL:DISC_FEATURE_COUNT::CDS: 24 present
DiscRep_ALL:DISC_COUNT_NUCLEOTIDES::1 nucleotide Bioseqs are present
PROKKA_10232022/PROKKA_10232022:GBRBC20TF (length 26430)

DiscRep_ALL:FEATURE_LOCATION_CONFLICT::24 features have inconsistent gene locations.
DiscRep_SUB:FEATURE_LOCATION_CONFLICT::Coding region xref gene does not exist
PROKKA_10232022/PROKKA_10232022:CDS	Prophage integrase IntA	GBRBC20TF:c1513-257	JOBNECJM_00001

DiscRep_SUB:FEATURE_LOCATION_CONFLICT::Coding region xref gene does not exist
PROKKA_10232022/PROKKA_10232022:CDS	GMP synthase [glutamine-hydrolyzing]	GBRBC20TF:c3336-1774	JOBNECJM_00002

DiscRep_SUB:FEATURE_LOCATION_CONFLICT::Coding region xref gene does not exist
PROKKA_10232022/PROKKA_10232022:CDS	Futalosine hydrolase	GBRBC20TF:c4077-3445	JOBNECJM_00003

DiscRep_SUB:FEATURE_LOCATION_CONFLICT::Coding region xref gene does not exist
PROKKA_10232022/PROKKA_10232022:CDS	hypothetical protein	GBRBC20TF:c4649-4074	JOBNECJM_00004

DiscRep_SUB:FEATURE_LOCATION_CONFLICT::Coding region xref gene does not exist
PROKKA_10232022/PROKKA_10232022:CDS	Ribosomal RNA small subunit methyltransferase B	GBRBC20TF:c6109-4820	JOBNECJM_00005

DiscRep_SUB:FEATURE_LOCATION_CONFLICT::Coding region xref gene does not exist
PROKKA_10232022/PROKKA_10232022:CDS	Disulfide bond formation protein B	GBRBC20TF:c6912-6286	JOBNECJM_00006

DiscRep_SUB:FEATURE_LOCATION_CONFLICT::Coding region xref gene does not exist
PROKKA_10232022/PROKKA_10232022:CDS	hypothetical protein	GBRBC20TF:c7114-6941	JOBNECJM_00007

DiscRep_SUB:FEATURE_LOCATION_CONFLICT::Coding region xref gene does not exist
PROKKA_10232022/PROKKA_10232022:CDS	Catalase	GBRBC20TF:c8744-7245	JOBNECJM_00008

DiscRep_SUB:FEATURE_LOCATION_CONFLICT::Coding region xref gene does not exist
PROKKA_10232022/PROKKA_10232022:CDS	Hydrogen peroxide-inducible genes activator	GBRBC20TF:8914-9867	JOBNECJM_00009

DiscRep_SUB:FEATURE_LOCATION_CONFLICT::Coding region xref gene does not exist
PROKKA_10232022/PROKKA_10232022:CDS	hypothetical protein	GBRBC20TF:9936-11009	JOBNECJM_00010

DiscRep_SUB:FEATURE_LOCATION_CONFLICT::Coding region xref gene does not exist
PROKKA_10232022/PROKKA_10232022:CDS	Inosine-5'-monophosphate dehydrogenase	GBRBC20TF:c12134-11214	JOBNECJM_00011

DiscRep_SUB:FEATURE_LOCATION_CONFLICT::Coding region xref gene does not exist
PROKKA_10232022/PROKKA_10232022:CDS	Inosine-5'-monophosphate dehydrogenase	GBRBC20TF:c12708-12118	JOBNECJM_00012

DiscRep_SUB:FEATURE_LOCATION_CONFLICT::Coding region xref gene does not exist
PROKKA_10232022/PROKKA_10232022:CDS	H(+)/Cl(-) exchange transporter ClcA	GBRBC20TF:12903-14258	JOBNECJM_00013

DiscRep_SUB:FEATURE_LOCATION_CONFLICT::Coding region xref gene does not exist
PROKKA_10232022/PROKKA_10232022:CDS	putative aminopeptidase	GBRBC20TF:14282-15388	JOBNECJM_00014

DiscRep_SUB:FEATURE_LOCATION_CONFLICT::Coding region xref gene does not exist
PROKKA_10232022/PROKKA_10232022:CDS	Phosphoglucosamine mutase	GBRBC20TF:15508-16941	JOBNECJM_00015

DiscRep_SUB:FEATURE_LOCATION_CONFLICT::Coding region xref gene does not exist
PROKKA_10232022/PROKKA_10232022:CDS	Alginate biosynthesis protein AlgA	GBRBC20TF:16938-18353	JOBNECJM_00016

DiscRep_SUB:FEATURE_LOCATION_CONFLICT::Coding region xref gene does not exist
PROKKA_10232022/PROKKA_10232022:CDS	Glycine cleavage system transcriptional activator	GBRBC20TF:c19361-18474	JOBNECJM_00017

DiscRep_SUB:FEATURE_LOCATION_CONFLICT::Coding region xref gene does not exist
PROKKA_10232022/PROKKA_10232022:CDS	putative cyclic di-GMP phosphodiesterase PdeB	GBRBC20TF:20151-21743	JOBNECJM_00018

DiscRep_SUB:FEATURE_LOCATION_CONFLICT::Coding region xref gene does not exist
PROKKA_10232022/PROKKA_10232022:CDS	hypothetical protein	GBRBC20TF:c21984-21820	JOBNECJM_00019

DiscRep_SUB:FEATURE_LOCATION_CONFLICT::Coding region xref gene does not exist
PROKKA_10232022/PROKKA_10232022:CDS	putative acid stress chaperone HdeA	GBRBC20TF:c22928-22584	JOBNECJM_00020

DiscRep_SUB:FEATURE_LOCATION_CONFLICT::Coding region xref gene does not exist
PROKKA_10232022/PROKKA_10232022:CDS	Glutaminase 1	GBRBC20TF:c24029-23076	JOBNECJM_00021

DiscRep_SUB:FEATURE_LOCATION_CONFLICT::Coding region xref gene does not exist
PROKKA_10232022/PROKKA_10232022:CDS	Glutamate/gamma-aminobutyrate antiporter	GBRBC20TF:c25345-24065	JOBNECJM_00022

DiscRep_SUB:FEATURE_LOCATION_CONFLICT::Coding region xref gene does not exist
PROKKA_10232022/PROKKA_10232022:CDS	Glutamate decarboxylase beta	GBRBC20TF:c26082-25672	JOBNECJM_00023

DiscRep_SUB:FEATURE_LOCATION_CONFLICT::Coding region xref gene does not exist
PROKKA_10232022/PROKKA_10232022:CDS	Glutamate decarboxylase beta	GBRBC20TF:c26403-26107	JOBNECJM_00024

DiscRep_ALL:OVERLAPPING_CDS::2 coding regions overlap another coding region with a similar or identical name.
DiscRep_SUB:OVERLAPPING_CDS::2 coding regions overlap another coding region with a similar or identical name that do not have the appropriate note text
PROKKA_10232022/PROKKA_10232022:CDS	Inosine-5'-monophosphate dehydrogenase	GBRBC20TF:c12134-11214	JOBNECJM_00011
PROKKA_10232022/PROKKA_10232022:CDS	Inosine-5'-monophosphate dehydrogenase	GBRBC20TF:c12708-12118	JOBNECJM_00012

DiscRep_ALL:SUSPECT_PRODUCT_NAMES::1 product_names contain suspect phrase or characters
DiscRep_SUB:SUSPECT_PRODUCT_NAMES::use protein instead of gene as appropriate
DiscRep_SUB:SUSPECT_PRODUCT_NAMES::1 features contains 'genes'
PROKKA_10232022/PROKKA_10232022:CDS	Hydrogen peroxide-inducible genes activator	GBRBC20TF:8914-9867	JOBNECJM_00009

DiscRep_ALL:DISC_QUALITY_SCORES::Quality scores are missing on all sequences.

DiscRep_ALL:ONCALLER_COMMENT_PRESENT::1 comment descriptors were found (all same)
PROKKA_10232022/PROKKA_10232022:GBRBC20TF:Annotated using prokka 1.14.6 from https://github.com/tseemann/prokka

DiscRep_ALL:MISSING_GENOMEASSEMBLY_COMMENTS::1 bioseqs are missing GenomeAssembly structured comments
PROKKA_10232022/PROKKA_10232022:GBRBC20TF (length 26430)

DiscRep_ALL:MOLTYPE_NOT_MRNA::1 molecule types are not set as mRNA.
PROKKA_10232022/PROKKA_10232022:GBRBC20TF (length 26430)

DiscRep_ALL:TECHNIQUE_NOT_TSA::1 technique are not set as TSA
PROKKA_10232022/PROKKA_10232022:GBRBC20TF (length 26430)

DiscRep_ALL:MISSING_STRUCTURED_COMMENT::1 sequences do not include structured comments.
PROKKA_10232022/PROKKA_10232022:GBRBC20TF (length 26430)

DiscRep_ALL:MISSING_PROJECT::25 sequences do not include project.
PROKKA_10232022/PROKKA_10232022:GBRBC20TF (length 26430)
PROKKA_10232022/PROKKA_10232022:GBRBC20TF_1 (length 418)
PROKKA_10232022/PROKKA_10232022:GBRBC20TF_2 (length 520)
PROKKA_10232022/PROKKA_10232022:GBRBC20TF_3 (length 210)
PROKKA_10232022/PROKKA_10232022:GBRBC20TF_4 (length 191)
PROKKA_10232022/PROKKA_10232022:GBRBC20TF_5 (length 429)
PROKKA_10232022/PROKKA_10232022:GBRBC20TF_6 (length 208)
PROKKA_10232022/PROKKA_10232022:GBRBC20TF_7 (length 57)
PROKKA_10232022/PROKKA_10232022:GBRBC20TF_8 (length 499)
PROKKA_10232022/PROKKA_10232022:GBRBC20TF_9 (length 317)
PROKKA_10232022/PROKKA_10232022:GBRBC20TF_10 (length 357)
PROKKA_10232022/PROKKA_10232022:GBRBC20TF_11 (length 306)
PROKKA_10232022/PROKKA_10232022:GBRBC20TF_12 (length 196)
PROKKA_10232022/PROKKA_10232022:GBRBC20TF_13 (length 451)
PROKKA_10232022/PROKKA_10232022:GBRBC20TF_14 (length 368)
PROKKA_10232022/PROKKA_10232022:GBRBC20TF_15 (length 477)
PROKKA_10232022/PROKKA_10232022:GBRBC20TF_16 (length 471)
PROKKA_10232022/PROKKA_10232022:GBRBC20TF_17 (length 295)
PROKKA_10232022/PROKKA_10232022:GBRBC20TF_18 (length 530)
PROKKA_10232022/PROKKA_10232022:GBRBC20TF_19 (length 54)
PROKKA_10232022/PROKKA_10232022:GBRBC20TF_20 (length 114)
PROKKA_10232022/PROKKA_10232022:GBRBC20TF_21 (length 317)
PROKKA_10232022/PROKKA_10232022:GBRBC20TF_22 (length 426)
PROKKA_10232022/PROKKA_10232022:GBRBC20TF_23 (length 136)
PROKKA_10232022/PROKKA_10232022:GBRBC20TF_24 (length 98)

DiscRep_ALL:DISC_INCONSISTENT_MOLINFO_TECH::Molinfo Technique Report (some missing, all same)
DiscRep_SUB:DISC_INCONSISTENT_MOLINFO_TECH::technique (all missing)
DiscRep_SUB:DISC_INCONSISTENT_MOLINFO_TECH::1 Molinfos are missing field technique
PROKKA_10232022/PROKKA_10232022:GBRBC20TF (length 26430)

