#################################################################
# If you used AutoDock Vina in your work, please cite:          #
#                                                               #
# O. Trott, A. J. Olson,                                        #
# AutoDock Vina: improving the speed and accuracy of docking    #
# with a new scoring function, efficient optimization and       #
# multithreading, Journal of Computational Chemistry 31 (2010)  #
# 455-461                                                       #
#                                                               #
# DOI 10.1002/jcc.21334                                         #
#                                                               #
# Please see http://vina.scripps.edu for more information.      #
#################################################################

Output will be compuesto1_out.pdbqt
Detected 4 CPUs
Reading input ... done.
Setting up the scoring function ... done.
Analyzing the binding site ... done.
Using random seed: 1160110432
Performing search ... done.
Refining results ... done.

mode |   affinity | dist from best mode
     | (kcal/mol) | rmsd l.b.| rmsd u.b.
-----+------------+----------+----------
   1        -10.0      0.000      0.000
   2         -9.7      3.736      5.346
   3         -9.7      1.912      2.706
   4         -9.6      1.917      2.961
   5         -9.3      4.928      8.447
   6         -9.3      3.249      7.832
   7         -9.1      6.703      9.214
   8         -9.1      2.574      3.335
   9         -8.8      3.686      8.158
Writing output ... done.
