[passed files]
{G:/Mi unidad/Facultad/4to anio/Analisis y alineamiento de secuencias/TPI/set1/GBUDB25TR.exp} (EXP) PASSED
{G:/Mi unidad/Facultad/4to anio/Analisis y alineamiento de secuencias/TPI/set1/GBRAD50TF.exp} (EXP) PASSED
{G:/Mi unidad/Facultad/4to anio/Analisis y alineamiento de secuencias/TPI/set1/GBRAD50TR.exp} (EXP) PASSED
{G:/Mi unidad/Facultad/4to anio/Analisis y alineamiento de secuencias/TPI/set1/GBRAD90TF.exp} (EXP) PASSED
{G:/Mi unidad/Facultad/4to anio/Analisis y alineamiento de secuencias/TPI/set1/GBRAD90TR.exp} (EXP) PASSED
{G:/Mi unidad/Facultad/4to anio/Analisis y alineamiento de secuencias/TPI/set1/GBRAF84TF.exp} (EXP) PASSED
{G:/Mi unidad/Facultad/4to anio/Analisis y alineamiento de secuencias/TPI/set1/GBRAF84TR.exp} (EXP) PASSED
{G:/Mi unidad/Facultad/4to anio/Analisis y alineamiento de secuencias/TPI/set1/GBRAG60TF.exp} (EXP) PASSED
{G:/Mi unidad/Facultad/4to anio/Analisis y alineamiento de secuencias/TPI/set1/GBRAG60TR.exp} (EXP) PASSED
{G:/Mi unidad/Facultad/4to anio/Analisis y alineamiento de secuencias/TPI/set1/GBRAJ54TR.exp} (EXP) PASSED
{G:/Mi unidad/Facultad/4to anio/Analisis y alineamiento de secuencias/TPI/set1/GBRAN41TF.exp} (EXP) PASSED
{G:/Mi unidad/Facultad/4to anio/Analisis y alineamiento de secuencias/TPI/set1/GBRAN41TR.exp} (EXP) PASSED
{G:/Mi unidad/Facultad/4to anio/Analisis y alineamiento de secuencias/TPI/set1/GBRAR93TF.exp} (EXP) PASSED
{G:/Mi unidad/Facultad/4to anio/Analisis y alineamiento de secuencias/TPI/set1/GBRAR93TR.exp} (EXP) PASSED
{G:/Mi unidad/Facultad/4to anio/Analisis y alineamiento de secuencias/TPI/set1/GBRAS18TF.exp} (EXP) PASSED
{G:/Mi unidad/Facultad/4to anio/Analisis y alineamiento de secuencias/TPI/set1/GBRAS18TR.exp} (EXP) PASSED
{G:/Mi unidad/Facultad/4to anio/Analisis y alineamiento de secuencias/TPI/set1/GBRAT05TF.exp} (EXP) PASSED
{G:/Mi unidad/Facultad/4to anio/Analisis y alineamiento de secuencias/TPI/set1/GBRAT05TR.exp} (EXP) PASSED
{G:/Mi unidad/Facultad/4to anio/Analisis y alineamiento de secuencias/TPI/set1/GBRAV11TR.exp} (EXP) PASSED
{G:/Mi unidad/Facultad/4to anio/Analisis y alineamiento de secuencias/TPI/set1/GBRAW94TF.exp} (EXP) PASSED
{G:/Mi unidad/Facultad/4to anio/Analisis y alineamiento de secuencias/TPI/set1/GBRAW94TR.exp} (EXP) PASSED
{G:/Mi unidad/Facultad/4to anio/Analisis y alineamiento de secuencias/TPI/set1/GBRAY14TR.exp} (EXP) PASSED
{G:/Mi unidad/Facultad/4to anio/Analisis y alineamiento de secuencias/TPI/set1/GBRBC20TF.exp} (EXP) PASSED
{G:/Mi unidad/Facultad/4to anio/Analisis y alineamiento de secuencias/TPI/set1/GBRBC20TR.exp} (EXP) PASSED
{G:/Mi unidad/Facultad/4to anio/Analisis y alineamiento de secuencias/TPI/set1/GBRBC63TF.exp} (EXP) PASSED
{G:/Mi unidad/Facultad/4to anio/Analisis y alineamiento de secuencias/TPI/set1/GBRBC63TR.exp} (EXP) PASSED
{G:/Mi unidad/Facultad/4to anio/Analisis y alineamiento de secuencias/TPI/set1/GBRBI05TF.exp} (EXP) PASSED
{G:/Mi unidad/Facultad/4to anio/Analisis y alineamiento de secuencias/TPI/set1/GBRBI05TR.exp} (EXP) PASSED
{G:/Mi unidad/Facultad/4to anio/Analisis y alineamiento de secuencias/TPI/set1/GBRBI11TF.exp} (EXP) PASSED
{G:/Mi unidad/Facultad/4to anio/Analisis y alineamiento de secuencias/TPI/set1/GBRBI11TR.exp} (EXP) PASSED
{G:/Mi unidad/Facultad/4to anio/Analisis y alineamiento de secuencias/TPI/set1/GBRBI24TF.exp} (EXP) PASSED
{G:/Mi unidad/Facultad/4to anio/Analisis y alineamiento de secuencias/TPI/set1/GBRBI24TR.exp} (EXP) PASSED
{G:/Mi unidad/Facultad/4to anio/Analisis y alineamiento de secuencias/TPI/set1/GBRBL08TF.exp} (EXP) PASSED
{G:/Mi unidad/Facultad/4to anio/Analisis y alineamiento de secuencias/TPI/set1/GBRBL08TR.exp} (EXP) PASSED
{G:/Mi unidad/Facultad/4to anio/Analisis y alineamiento de secuencias/TPI/set1/GBRBQ74TF.exp} (EXP) PASSED
{G:/Mi unidad/Facultad/4to anio/Analisis y alineamiento de secuencias/TPI/set1/GBRBQ74TR.exp} (EXP) PASSED
{G:/Mi unidad/Facultad/4to anio/Analisis y alineamiento de secuencias/TPI/set1/GBRBR22TR.exp} (EXP) PASSED
{G:/Mi unidad/Facultad/4to anio/Analisis y alineamiento de secuencias/TPI/set1/GBRBT84TF.exp} (EXP) PASSED
{G:/Mi unidad/Facultad/4to anio/Analisis y alineamiento de secuencias/TPI/set1/GBRBT84TR.exp} (EXP) PASSED
{G:/Mi unidad/Facultad/4to anio/Analisis y alineamiento de secuencias/TPI/set1/GBRBX52TF.exp} (EXP) PASSED
{G:/Mi unidad/Facultad/4to anio/Analisis y alineamiento de secuencias/TPI/set1/GBRBX52TR.exp} (EXP) PASSED
{G:/Mi unidad/Facultad/4to anio/Analisis y alineamiento de secuencias/TPI/set1/GBRBY36TF.exp} (EXP) PASSED
{G:/Mi unidad/Facultad/4to anio/Analisis y alineamiento de secuencias/TPI/set1/GBRBY36TR.exp} (EXP) PASSED
{G:/Mi unidad/Facultad/4to anio/Analisis y alineamiento de secuencias/TPI/set1/GBRBY61TF.exp} (EXP) PASSED
{G:/Mi unidad/Facultad/4to anio/Analisis y alineamiento de secuencias/TPI/set1/GBRBY61TR.exp} (EXP) PASSED
{G:/Mi unidad/Facultad/4to anio/Analisis y alineamiento de secuencias/TPI/set1/GBRCA26TF.exp} (EXP) PASSED
{G:/Mi unidad/Facultad/4to anio/Analisis y alineamiento de secuencias/TPI/set1/GBRCA26TR.exp} (EXP) PASSED
{G:/Mi unidad/Facultad/4to anio/Analisis y alineamiento de secuencias/TPI/set1/GBRCC91TF.exp} (EXP) PASSED
{G:/Mi unidad/Facultad/4to anio/Analisis y alineamiento de secuencias/TPI/set1/GBRCC91TR.exp} (EXP) PASSED
{G:/Mi unidad/Facultad/4to anio/Analisis y alineamiento de secuencias/TPI/set1/GBRCF37TF.exp} (EXP) PASSED
{G:/Mi unidad/Facultad/4to anio/Analisis y alineamiento de secuencias/TPI/set1/GBRCF37TR.exp} (EXP) PASSED
{G:/Mi unidad/Facultad/4to anio/Analisis y alineamiento de secuencias/TPI/set1/GBRCH54TF.exp} (EXP) PASSED
{G:/Mi unidad/Facultad/4to anio/Analisis y alineamiento de secuencias/TPI/set1/GBRCH54TR.exp} (EXP) PASSED
{G:/Mi unidad/Facultad/4to anio/Analisis y alineamiento de secuencias/TPI/set1/GBRCI22TF.exp} (EXP) PASSED
{G:/Mi unidad/Facultad/4to anio/Analisis y alineamiento de secuencias/TPI/set1/GBRCI22TR.exp} (EXP) PASSED
{G:/Mi unidad/Facultad/4to anio/Analisis y alineamiento de secuencias/TPI/set1/GBRCO71TF.exp} (EXP) PASSED
{G:/Mi unidad/Facultad/4to anio/Analisis y alineamiento de secuencias/TPI/set1/GBRCO71TR.exp} (EXP) PASSED
{G:/Mi unidad/Facultad/4to anio/Analisis y alineamiento de secuencias/TPI/set1/GBRCR55TF.exp} (EXP) PASSED
{G:/Mi unidad/Facultad/4to anio/Analisis y alineamiento de secuencias/TPI/set1/GBRCS49TF.exp} (EXP) PASSED
{G:/Mi unidad/Facultad/4to anio/Analisis y alineamiento de secuencias/TPI/set1/GBRCS49TR.exp} (EXP) PASSED
{G:/Mi unidad/Facultad/4to anio/Analisis y alineamiento de secuencias/TPI/set1/GBRDB44TF.exp} (EXP) PASSED
{G:/Mi unidad/Facultad/4to anio/Analisis y alineamiento de secuencias/TPI/set1/GBRDB44TR.exp} (EXP) PASSED
{G:/Mi unidad/Facultad/4to anio/Analisis y alineamiento de secuencias/TPI/set1/GBRDC23TF.exp} (EXP) PASSED
{G:/Mi unidad/Facultad/4to anio/Analisis y alineamiento de secuencias/TPI/set1/GBRDC23TR.exp} (EXP) PASSED
{G:/Mi unidad/Facultad/4to anio/Analisis y alineamiento de secuencias/TPI/set1/GBRDD35TF.exp} (EXP) PASSED
{G:/Mi unidad/Facultad/4to anio/Analisis y alineamiento de secuencias/TPI/set1/GBRDD35TR.exp} (EXP) PASSED
{G:/Mi unidad/Facultad/4to anio/Analisis y alineamiento de secuencias/TPI/set1/GBRDF74TF.exp} (EXP) PASSED
{G:/Mi unidad/Facultad/4to anio/Analisis y alineamiento de secuencias/TPI/set1/GBRDJ06TF.exp} (EXP) PASSED
{G:/Mi unidad/Facultad/4to anio/Analisis y alineamiento de secuencias/TPI/set1/GBRDJ06TR.exp} (EXP) PASSED
{G:/Mi unidad/Facultad/4to anio/Analisis y alineamiento de secuencias/TPI/set1/GBRDK52TF.exp} (EXP) PASSED
{G:/Mi unidad/Facultad/4to anio/Analisis y alineamiento de secuencias/TPI/set1/GBRDK52TR.exp} (EXP) PASSED
{G:/Mi unidad/Facultad/4to anio/Analisis y alineamiento de secuencias/TPI/set1/GBRDL96TF.exp} (EXP) PASSED
{G:/Mi unidad/Facultad/4to anio/Analisis y alineamiento de secuencias/TPI/set1/GBRDL96TR.exp} (EXP) PASSED
{G:/Mi unidad/Facultad/4to anio/Analisis y alineamiento de secuencias/TPI/set1/GBRDP11TF.exp} (EXP) PASSED
{G:/Mi unidad/Facultad/4to anio/Analisis y alineamiento de secuencias/TPI/set1/GBRDP11TR.exp} (EXP) PASSED
{G:/Mi unidad/Facultad/4to anio/Analisis y alineamiento de secuencias/TPI/set1/GBRDP46TF.exp} (EXP) PASSED
{G:/Mi unidad/Facultad/4to anio/Analisis y alineamiento de secuencias/TPI/set1/GBRDP46TR.exp} (EXP) PASSED
{G:/Mi unidad/Facultad/4to anio/Analisis y alineamiento de secuencias/TPI/set1/GBRDP47TF.exp} (EXP) PASSED
{G:/Mi unidad/Facultad/4to anio/Analisis y alineamiento de secuencias/TPI/set1/GBRDP47TR.exp} (EXP) PASSED
{G:/Mi unidad/Facultad/4to anio/Analisis y alineamiento de secuencias/TPI/set1/GBRDP63TF.exp} (EXP) PASSED
{G:/Mi unidad/Facultad/4to anio/Analisis y alineamiento de secuencias/TPI/set1/GBRDP63TR.exp} (EXP) PASSED
{G:/Mi unidad/Facultad/4to anio/Analisis y alineamiento de secuencias/TPI/set1/GBRDR18TF.exp} (EXP) PASSED
{G:/Mi unidad/Facultad/4to anio/Analisis y alineamiento de secuencias/TPI/set1/GBRDR18TR.exp} (EXP) PASSED
{G:/Mi unidad/Facultad/4to anio/Analisis y alineamiento de secuencias/TPI/set1/GBRDR43TF.exp} (EXP) PASSED
{G:/Mi unidad/Facultad/4to anio/Analisis y alineamiento de secuencias/TPI/set1/GBRDR43TR.exp} (EXP) PASSED
{G:/Mi unidad/Facultad/4to anio/Analisis y alineamiento de secuencias/TPI/set1/GBRDR82TF.exp} (EXP) PASSED
{G:/Mi unidad/Facultad/4to anio/Analisis y alineamiento de secuencias/TPI/set1/GBRDR82TR.exp} (EXP) PASSED
{G:/Mi unidad/Facultad/4to anio/Analisis y alineamiento de secuencias/TPI/set1/GBRDT23TF.exp} (EXP) PASSED
{G:/Mi unidad/Facultad/4to anio/Analisis y alineamiento de secuencias/TPI/set1/GBRDT23TR.exp} (EXP) PASSED
{G:/Mi unidad/Facultad/4to anio/Analisis y alineamiento de secuencias/TPI/set1/GBRDT27TR.exp} (EXP) PASSED
{G:/Mi unidad/Facultad/4to anio/Analisis y alineamiento de secuencias/TPI/set1/GBRDU19TF.exp} (EXP) PASSED
{G:/Mi unidad/Facultad/4to anio/Analisis y alineamiento de secuencias/TPI/set1/GBRDU19TR.exp} (EXP) PASSED
{G:/Mi unidad/Facultad/4to anio/Analisis y alineamiento de secuencias/TPI/set1/GBRDW18TF.exp} (EXP) PASSED
{G:/Mi unidad/Facultad/4to anio/Analisis y alineamiento de secuencias/TPI/set1/GBRDW18TR.exp} (EXP) PASSED
{G:/Mi unidad/Facultad/4to anio/Analisis y alineamiento de secuencias/TPI/set1/GBRDW40TF.exp} (EXP) PASSED
{G:/Mi unidad/Facultad/4to anio/Analisis y alineamiento de secuencias/TPI/set1/GBRDW40TR.exp} (EXP) PASSED
{G:/Mi unidad/Facultad/4to anio/Analisis y alineamiento de secuencias/TPI/set1/GBRED77TF.exp} (EXP) PASSED
{G:/Mi unidad/Facultad/4to anio/Analisis y alineamiento de secuencias/TPI/set1/GBRED77TR.exp} (EXP) PASSED
{G:/Mi unidad/Facultad/4to anio/Analisis y alineamiento de secuencias/TPI/set1/GBRED82TF.exp} (EXP) PASSED
{G:/Mi unidad/Facultad/4to anio/Analisis y alineamiento de secuencias/TPI/set1/GBRED82TR.exp} (EXP) PASSED
{G:/Mi unidad/Facultad/4to anio/Analisis y alineamiento de secuencias/TPI/set1/GBREF64TF.exp} (EXP) PASSED
{G:/Mi unidad/Facultad/4to anio/Analisis y alineamiento de secuencias/TPI/set1/GBREF64TR.exp} (EXP) PASSED
{G:/Mi unidad/Facultad/4to anio/Analisis y alineamiento de secuencias/TPI/set1/GBREH01TF.exp} (EXP) PASSED
{G:/Mi unidad/Facultad/4to anio/Analisis y alineamiento de secuencias/TPI/set1/GBREH01TR.exp} (EXP) PASSED
{G:/Mi unidad/Facultad/4to anio/Analisis y alineamiento de secuencias/TPI/set1/GBREH88TF.exp} (EXP) PASSED
{G:/Mi unidad/Facultad/4to anio/Analisis y alineamiento de secuencias/TPI/set1/GBREH88TR.exp} (EXP) PASSED
{G:/Mi unidad/Facultad/4to anio/Analisis y alineamiento de secuencias/TPI/set1/GBREI96TF.exp} (EXP) PASSED
{G:/Mi unidad/Facultad/4to anio/Analisis y alineamiento de secuencias/TPI/set1/GBREI96TR.exp} (EXP) PASSED
{G:/Mi unidad/Facultad/4to anio/Analisis y alineamiento de secuencias/TPI/set1/GBREM26TF.exp} (EXP) PASSED
{G:/Mi unidad/Facultad/4to anio/Analisis y alineamiento de secuencias/TPI/set1/GBREM26TR.exp} (EXP) PASSED
{G:/Mi unidad/Facultad/4to anio/Analisis y alineamiento de secuencias/TPI/set1/GBREN11TF.exp} (EXP) PASSED
{G:/Mi unidad/Facultad/4to anio/Analisis y alineamiento de secuencias/TPI/set1/GBREN11TR.exp} (EXP) PASSED
{G:/Mi unidad/Facultad/4to anio/Analisis y alineamiento de secuencias/TPI/set1/GBREP84TF.exp} (EXP) PASSED
{G:/Mi unidad/Facultad/4to anio/Analisis y alineamiento de secuencias/TPI/set1/GBREP84TR.exp} (EXP) PASSED
{G:/Mi unidad/Facultad/4to anio/Analisis y alineamiento de secuencias/TPI/set1/GBRES88TF.exp} (EXP) PASSED
{G:/Mi unidad/Facultad/4to anio/Analisis y alineamiento de secuencias/TPI/set1/GBRET30TF.exp} (EXP) PASSED
{G:/Mi unidad/Facultad/4to anio/Analisis y alineamiento de secuencias/TPI/set1/GBRET30TR.exp} (EXP) PASSED
{G:/Mi unidad/Facultad/4to anio/Analisis y alineamiento de secuencias/TPI/set1/GBREU31TF.exp} (EXP) PASSED
{G:/Mi unidad/Facultad/4to anio/Analisis y alineamiento de secuencias/TPI/set1/GBREV17TF.exp} (EXP) PASSED
{G:/Mi unidad/Facultad/4to anio/Analisis y alineamiento de secuencias/TPI/set1/GBREV17TR.exp} (EXP) PASSED
{G:/Mi unidad/Facultad/4to anio/Analisis y alineamiento de secuencias/TPI/set1/GBREX14TR.exp} (EXP) PASSED
{G:/Mi unidad/Facultad/4to anio/Analisis y alineamiento de secuencias/TPI/set1/GBREZ92TR.exp} (EXP) PASSED
{G:/Mi unidad/Facultad/4to anio/Analisis y alineamiento de secuencias/TPI/set1/GBREZ93TF.exp} (EXP) PASSED
{G:/Mi unidad/Facultad/4to anio/Analisis y alineamiento de secuencias/TPI/set1/GBRFD07TR.exp} (EXP) PASSED
{G:/Mi unidad/Facultad/4to anio/Analisis y alineamiento de secuencias/TPI/set1/GBRFD27TR.exp} (EXP) PASSED
{G:/Mi unidad/Facultad/4to anio/Analisis y alineamiento de secuencias/TPI/set1/GBRFD44TR.exp} (EXP) PASSED
{G:/Mi unidad/Facultad/4to anio/Analisis y alineamiento de secuencias/TPI/set1/GBRFL06TR.exp} (EXP) PASSED
{G:/Mi unidad/Facultad/4to anio/Analisis y alineamiento de secuencias/TPI/set1/GBRGH69TF.exp} (EXP) PASSED
{G:/Mi unidad/Facultad/4to anio/Analisis y alineamiento de secuencias/TPI/set1/GBRGH69TR.exp} (EXP) PASSED
{G:/Mi unidad/Facultad/4to anio/Analisis y alineamiento de secuencias/TPI/set1/GBUAA24TF.exp} (EXP) PASSED
{G:/Mi unidad/Facultad/4to anio/Analisis y alineamiento de secuencias/TPI/set1/GBUAA24TR.exp} (EXP) PASSED
{G:/Mi unidad/Facultad/4to anio/Analisis y alineamiento de secuencias/TPI/set1/GBUAE46TF.exp} (EXP) PASSED
{G:/Mi unidad/Facultad/4to anio/Analisis y alineamiento de secuencias/TPI/set1/GBUAE46TR.exp} (EXP) PASSED
{G:/Mi unidad/Facultad/4to anio/Analisis y alineamiento de secuencias/TPI/set1/GBUAE59TF.exp} (EXP) PASSED
{G:/Mi unidad/Facultad/4to anio/Analisis y alineamiento de secuencias/TPI/set1/GBUAH14TF.exp} (EXP) PASSED
{G:/Mi unidad/Facultad/4to anio/Analisis y alineamiento de secuencias/TPI/set1/GBUAH23TF.exp} (EXP) PASSED
{G:/Mi unidad/Facultad/4to anio/Analisis y alineamiento de secuencias/TPI/set1/GBUAH23TR.exp} (EXP) PASSED
{G:/Mi unidad/Facultad/4to anio/Analisis y alineamiento de secuencias/TPI/set1/GBUAH58TF.exp} (EXP) PASSED
{G:/Mi unidad/Facultad/4to anio/Analisis y alineamiento de secuencias/TPI/set1/GBUAH93TF.exp} (EXP) PASSED
{G:/Mi unidad/Facultad/4to anio/Analisis y alineamiento de secuencias/TPI/set1/GBUAI30TF.exp} (EXP) PASSED
{G:/Mi unidad/Facultad/4to anio/Analisis y alineamiento de secuencias/TPI/set1/GBUAJ45TF.exp} (EXP) PASSED
{G:/Mi unidad/Facultad/4to anio/Analisis y alineamiento de secuencias/TPI/set1/GBUAJ45TR.exp} (EXP) PASSED
{G:/Mi unidad/Facultad/4to anio/Analisis y alineamiento de secuencias/TPI/set1/GBUAJ58TF.exp} (EXP) PASSED
{G:/Mi unidad/Facultad/4to anio/Analisis y alineamiento de secuencias/TPI/set1/GBUAJ58TR.exp} (EXP) PASSED
{G:/Mi unidad/Facultad/4to anio/Analisis y alineamiento de secuencias/TPI/set1/GBUAJ69TF.exp} (EXP) PASSED
{G:/Mi unidad/Facultad/4to anio/Analisis y alineamiento de secuencias/TPI/set1/GBUAL24TF.exp} (EXP) PASSED
{G:/Mi unidad/Facultad/4to anio/Analisis y alineamiento de secuencias/TPI/set1/GBUAO39TR.exp} (EXP) PASSED
{G:/Mi unidad/Facultad/4to anio/Analisis y alineamiento de secuencias/TPI/set1/GBUAQ59TF.exp} (EXP) PASSED
{G:/Mi unidad/Facultad/4to anio/Analisis y alineamiento de secuencias/TPI/set1/GBUAQ59TR.exp} (EXP) PASSED
{G:/Mi unidad/Facultad/4to anio/Analisis y alineamiento de secuencias/TPI/set1/GBUAQ61TF.exp} (EXP) PASSED
{G:/Mi unidad/Facultad/4to anio/Analisis y alineamiento de secuencias/TPI/set1/GBUAQ61TR.exp} (EXP) PASSED
{G:/Mi unidad/Facultad/4to anio/Analisis y alineamiento de secuencias/TPI/set1/GBUAQ80TR.exp} (EXP) PASSED
{G:/Mi unidad/Facultad/4to anio/Analisis y alineamiento de secuencias/TPI/set1/GBUAQ96TF.exp} (EXP) PASSED
{G:/Mi unidad/Facultad/4to anio/Analisis y alineamiento de secuencias/TPI/set1/GBUAQ96TR.exp} (EXP) PASSED
{G:/Mi unidad/Facultad/4to anio/Analisis y alineamiento de secuencias/TPI/set1/GBUAR23TR.exp} (EXP) PASSED
{G:/Mi unidad/Facultad/4to anio/Analisis y alineamiento de secuencias/TPI/set1/GBUAR64TF.exp} (EXP) PASSED
{G:/Mi unidad/Facultad/4to anio/Analisis y alineamiento de secuencias/TPI/set1/GBUAR64TR.exp} (EXP) PASSED
{G:/Mi unidad/Facultad/4to anio/Analisis y alineamiento de secuencias/TPI/set1/GBUAT52TF.exp} (EXP) PASSED
{G:/Mi unidad/Facultad/4to anio/Analisis y alineamiento de secuencias/TPI/set1/GBUAU21TF.exp} (EXP) PASSED
{G:/Mi unidad/Facultad/4to anio/Analisis y alineamiento de secuencias/TPI/set1/GBUAU21TR.exp} (EXP) PASSED
{G:/Mi unidad/Facultad/4to anio/Analisis y alineamiento de secuencias/TPI/set1/GBUAV48TR.exp} (EXP) PASSED
{G:/Mi unidad/Facultad/4to anio/Analisis y alineamiento de secuencias/TPI/set1/GBUAW83TF.exp} (EXP) PASSED
{G:/Mi unidad/Facultad/4to anio/Analisis y alineamiento de secuencias/TPI/set1/GBUAW83TR.exp} (EXP) PASSED
{G:/Mi unidad/Facultad/4to anio/Analisis y alineamiento de secuencias/TPI/set1/GBUAX37TR.exp} (EXP) PASSED
{G:/Mi unidad/Facultad/4to anio/Analisis y alineamiento de secuencias/TPI/set1/GBUAZ20TF.exp} (EXP) PASSED
{G:/Mi unidad/Facultad/4to anio/Analisis y alineamiento de secuencias/TPI/set1/GBUAZ20TR.exp} (EXP) PASSED
{G:/Mi unidad/Facultad/4to anio/Analisis y alineamiento de secuencias/TPI/set1/GBUBA83TF.exp} (EXP) PASSED
{G:/Mi unidad/Facultad/4to anio/Analisis y alineamiento de secuencias/TPI/set1/GBUBA83TR.exp} (EXP) PASSED
{G:/Mi unidad/Facultad/4to anio/Analisis y alineamiento de secuencias/TPI/set1/GBUBC12TF.exp} (EXP) PASSED
{G:/Mi unidad/Facultad/4to anio/Analisis y alineamiento de secuencias/TPI/set1/GBUBC30TF.exp} (EXP) PASSED
{G:/Mi unidad/Facultad/4to anio/Analisis y alineamiento de secuencias/TPI/set1/GBUBC30TR.exp} (EXP) PASSED
{G:/Mi unidad/Facultad/4to anio/Analisis y alineamiento de secuencias/TPI/set1/GBUBE17TF.exp} (EXP) PASSED
{G:/Mi unidad/Facultad/4to anio/Analisis y alineamiento de secuencias/TPI/set1/GBUBE17TR.exp} (EXP) PASSED
{G:/Mi unidad/Facultad/4to anio/Analisis y alineamiento de secuencias/TPI/set1/GBUBE21TF.exp} (EXP) PASSED
{G:/Mi unidad/Facultad/4to anio/Analisis y alineamiento de secuencias/TPI/set1/GBUBE21TR.exp} (EXP) PASSED
{G:/Mi unidad/Facultad/4to anio/Analisis y alineamiento de secuencias/TPI/set1/GBUBE75TF.exp} (EXP) PASSED
{G:/Mi unidad/Facultad/4to anio/Analisis y alineamiento de secuencias/TPI/set1/GBUBE75TR.exp} (EXP) PASSED
{G:/Mi unidad/Facultad/4to anio/Analisis y alineamiento de secuencias/TPI/set1/GBUBG79TF.exp} (EXP) PASSED
{G:/Mi unidad/Facultad/4to anio/Analisis y alineamiento de secuencias/TPI/set1/GBUBG79TR.exp} (EXP) PASSED
{G:/Mi unidad/Facultad/4to anio/Analisis y alineamiento de secuencias/TPI/set1/GBUBH47TF.exp} (EXP) PASSED
{G:/Mi unidad/Facultad/4to anio/Analisis y alineamiento de secuencias/TPI/set1/GBUBH75TF.exp} (EXP) PASSED
{G:/Mi unidad/Facultad/4to anio/Analisis y alineamiento de secuencias/TPI/set1/GBUBH75TR.exp} (EXP) PASSED
{G:/Mi unidad/Facultad/4to anio/Analisis y alineamiento de secuencias/TPI/set1/GBUBI82TF.exp} (EXP) PASSED
{G:/Mi unidad/Facultad/4to anio/Analisis y alineamiento de secuencias/TPI/set1/GBUBI82TR.exp} (EXP) PASSED
{G:/Mi unidad/Facultad/4to anio/Analisis y alineamiento de secuencias/TPI/set1/GBUBJ68TR.exp} (EXP) PASSED
{G:/Mi unidad/Facultad/4to anio/Analisis y alineamiento de secuencias/TPI/set1/GBUBM31TR.exp} (EXP) PASSED
{G:/Mi unidad/Facultad/4to anio/Analisis y alineamiento de secuencias/TPI/set1/GBUBM69TR.exp} (EXP) PASSED
{G:/Mi unidad/Facultad/4to anio/Analisis y alineamiento de secuencias/TPI/set1/GBUBM92TR.exp} (EXP) PASSED
{G:/Mi unidad/Facultad/4to anio/Analisis y alineamiento de secuencias/TPI/set1/GBUBQ12TR.exp} (EXP) PASSED
{G:/Mi unidad/Facultad/4to anio/Analisis y alineamiento de secuencias/TPI/set1/GBUBS96TF.exp} (EXP) PASSED
{G:/Mi unidad/Facultad/4to anio/Analisis y alineamiento de secuencias/TPI/set1/GBUBT45TF.exp} (EXP) PASSED
{G:/Mi unidad/Facultad/4to anio/Analisis y alineamiento de secuencias/TPI/set1/GBUBT46TF.exp} (EXP) PASSED
{G:/Mi unidad/Facultad/4to anio/Analisis y alineamiento de secuencias/TPI/set1/GBUBT91TR.exp} (EXP) PASSED
{G:/Mi unidad/Facultad/4to anio/Analisis y alineamiento de secuencias/TPI/set1/GBUBV17TF.exp} (EXP) PASSED
{G:/Mi unidad/Facultad/4to anio/Analisis y alineamiento de secuencias/TPI/set1/GBUBV17TR.exp} (EXP) PASSED
{G:/Mi unidad/Facultad/4to anio/Analisis y alineamiento de secuencias/TPI/set1/GBUBW06TF.exp} (EXP) PASSED
{G:/Mi unidad/Facultad/4to anio/Analisis y alineamiento de secuencias/TPI/set1/GBUBW07TF.exp} (EXP) PASSED
{G:/Mi unidad/Facultad/4to anio/Analisis y alineamiento de secuencias/TPI/set1/GBUBY34TF.exp} (EXP) PASSED
{G:/Mi unidad/Facultad/4to anio/Analisis y alineamiento de secuencias/TPI/set1/GBUBZ58TF.exp} (EXP) PASSED
{G:/Mi unidad/Facultad/4to anio/Analisis y alineamiento de secuencias/TPI/set1/GBUBZ59TF.exp} (EXP) PASSED
{G:/Mi unidad/Facultad/4to anio/Analisis y alineamiento de secuencias/TPI/set1/GBUBZ59TR.exp} (EXP) PASSED
{G:/Mi unidad/Facultad/4to anio/Analisis y alineamiento de secuencias/TPI/set1/GBUCA43TF.exp} (EXP) PASSED
{G:/Mi unidad/Facultad/4to anio/Analisis y alineamiento de secuencias/TPI/set1/GBUCA43TR.exp} (EXP) PASSED
{G:/Mi unidad/Facultad/4to anio/Analisis y alineamiento de secuencias/TPI/set1/GBUCA45TF.exp} (EXP) PASSED
{G:/Mi unidad/Facultad/4to anio/Analisis y alineamiento de secuencias/TPI/set1/GBUCA45TR.exp} (EXP) PASSED
{G:/Mi unidad/Facultad/4to anio/Analisis y alineamiento de secuencias/TPI/set1/GBUCC53TF.exp} (EXP) PASSED
{G:/Mi unidad/Facultad/4to anio/Analisis y alineamiento de secuencias/TPI/set1/GBUCC53TR.exp} (EXP) PASSED
{G:/Mi unidad/Facultad/4to anio/Analisis y alineamiento de secuencias/TPI/set1/GBUCD49TF.exp} (EXP) PASSED
{G:/Mi unidad/Facultad/4to anio/Analisis y alineamiento de secuencias/TPI/set1/GBUCD68TF.exp} (EXP) PASSED
{G:/Mi unidad/Facultad/4to anio/Analisis y alineamiento de secuencias/TPI/set1/GBUCF24TF.exp} (EXP) PASSED
{G:/Mi unidad/Facultad/4to anio/Analisis y alineamiento de secuencias/TPI/set1/GBUCF37TF.exp} (EXP) PASSED
{G:/Mi unidad/Facultad/4to anio/Analisis y alineamiento de secuencias/TPI/set1/GBUCF37TR.exp} (EXP) PASSED
{G:/Mi unidad/Facultad/4to anio/Analisis y alineamiento de secuencias/TPI/set1/GBUCF52TF.exp} (EXP) PASSED
{G:/Mi unidad/Facultad/4to anio/Analisis y alineamiento de secuencias/TPI/set1/GBUCF52TR.exp} (EXP) PASSED
{G:/Mi unidad/Facultad/4to anio/Analisis y alineamiento de secuencias/TPI/set1/GBUCF74TR.exp} (EXP) PASSED
{G:/Mi unidad/Facultad/4to anio/Analisis y alineamiento de secuencias/TPI/set1/GBUCG12TF.exp} (EXP) PASSED
{G:/Mi unidad/Facultad/4to anio/Analisis y alineamiento de secuencias/TPI/set1/GBUCG12TR.exp} (EXP) PASSED
{G:/Mi unidad/Facultad/4to anio/Analisis y alineamiento de secuencias/TPI/set1/GBUCH47TR.exp} (EXP) PASSED
{G:/Mi unidad/Facultad/4to anio/Analisis y alineamiento de secuencias/TPI/set1/GBUCJ89TF.exp} (EXP) PASSED
{G:/Mi unidad/Facultad/4to anio/Analisis y alineamiento de secuencias/TPI/set1/GBUCJ89TR.exp} (EXP) PASSED
{G:/Mi unidad/Facultad/4to anio/Analisis y alineamiento de secuencias/TPI/set1/GBUCJ90TF.exp} (EXP) PASSED
{G:/Mi unidad/Facultad/4to anio/Analisis y alineamiento de secuencias/TPI/set1/GBUCL83TF.exp} (EXP) PASSED
{G:/Mi unidad/Facultad/4to anio/Analisis y alineamiento de secuencias/TPI/set1/GBUCL83TR.exp} (EXP) PASSED
{G:/Mi unidad/Facultad/4to anio/Analisis y alineamiento de secuencias/TPI/set1/GBUCN09TF.exp} (EXP) PASSED
{G:/Mi unidad/Facultad/4to anio/Analisis y alineamiento de secuencias/TPI/set1/GBUCO03TR.exp} (EXP) PASSED
{G:/Mi unidad/Facultad/4to anio/Analisis y alineamiento de secuencias/TPI/set1/GBUCO65TF.exp} (EXP) PASSED
{G:/Mi unidad/Facultad/4to anio/Analisis y alineamiento de secuencias/TPI/set1/GBUCQ58TF.exp} (EXP) PASSED
{G:/Mi unidad/Facultad/4to anio/Analisis y alineamiento de secuencias/TPI/set1/GBUCQ58TR.exp} (EXP) PASSED
{G:/Mi unidad/Facultad/4to anio/Analisis y alineamiento de secuencias/TPI/set1/GBUCR45TF.exp} (EXP) PASSED
{G:/Mi unidad/Facultad/4to anio/Analisis y alineamiento de secuencias/TPI/set1/GBUCR45TR.exp} (EXP) PASSED
{G:/Mi unidad/Facultad/4to anio/Analisis y alineamiento de secuencias/TPI/set1/GBUCS93TF.exp} (EXP) PASSED
{G:/Mi unidad/Facultad/4to anio/Analisis y alineamiento de secuencias/TPI/set1/GBUCT08TR.exp} (EXP) PASSED
{G:/Mi unidad/Facultad/4to anio/Analisis y alineamiento de secuencias/TPI/set1/GBUCT43TF.exp} (EXP) PASSED
{G:/Mi unidad/Facultad/4to anio/Analisis y alineamiento de secuencias/TPI/set1/GBUCV68TF.exp} (EXP) PASSED
{G:/Mi unidad/Facultad/4to anio/Analisis y alineamiento de secuencias/TPI/set1/GBUCY79TF.exp} (EXP) PASSED
{G:/Mi unidad/Facultad/4to anio/Analisis y alineamiento de secuencias/TPI/set1/GBUDA58TF.exp} (EXP) PASSED
{G:/Mi unidad/Facultad/4to anio/Analisis y alineamiento de secuencias/TPI/set1/GBUDA58TR.exp} (EXP) PASSED
{G:/Mi unidad/Facultad/4to anio/Analisis y alineamiento de secuencias/TPI/set1/GBUDA65TF.exp} (EXP) PASSED
{G:/Mi unidad/Facultad/4to anio/Analisis y alineamiento de secuencias/TPI/set1/GBUDA65TR.exp} (EXP) PASSED
{G:/Mi unidad/Facultad/4to anio/Analisis y alineamiento de secuencias/TPI/set1/GBUDA71TF.exp} (EXP) PASSED
{G:/Mi unidad/Facultad/4to anio/Analisis y alineamiento de secuencias/TPI/set1/GBUDA71TR.exp} (EXP) PASSED
{G:/Mi unidad/Facultad/4to anio/Analisis y alineamiento de secuencias/TPI/set1/GBUDB25TF.exp} (EXP) PASSED

[failed files]

[passed file history]
{G:/Mi unidad/Facultad/4to anio/Analisis y alineamiento de secuencias/TPI/set1/GBUDB25TR.exp} (EXP) <- {G:/Mi unidad/Facultad/4to anio/Analisis y alineamiento de secuencias/TPI/set1/GBUDB25TR.scf} (SCF)
{G:/Mi unidad/Facultad/4to anio/Analisis y alineamiento de secuencias/TPI/set1/GBRAD50TF.exp} (EXP) <- {G:/Mi unidad/Facultad/4to anio/Analisis y alineamiento de secuencias/TPI/set1/GBRAD50TF.scf} (SCF)
{G:/Mi unidad/Facultad/4to anio/Analisis y alineamiento de secuencias/TPI/set1/GBRAD50TR.exp} (EXP) <- {G:/Mi unidad/Facultad/4to anio/Analisis y alineamiento de secuencias/TPI/set1/GBRAD50TR.scf} (SCF)
{G:/Mi unidad/Facultad/4to anio/Analisis y alineamiento de secuencias/TPI/set1/GBRAD90TF.exp} (EXP) <- {G:/Mi unidad/Facultad/4to anio/Analisis y alineamiento de secuencias/TPI/set1/GBRAD90TF.scf} (SCF)
{G:/Mi unidad/Facultad/4to anio/Analisis y alineamiento de secuencias/TPI/set1/GBRAD90TR.exp} (EXP) <- {G:/Mi unidad/Facultad/4to anio/Analisis y alineamiento de secuencias/TPI/set1/GBRAD90TR.scf} (SCF)
{G:/Mi unidad/Facultad/4to anio/Analisis y alineamiento de secuencias/TPI/set1/GBRAF84TF.exp} (EXP) <- {G:/Mi unidad/Facultad/4to anio/Analisis y alineamiento de secuencias/TPI/set1/GBRAF84TF.scf} (SCF)
{G:/Mi unidad/Facultad/4to anio/Analisis y alineamiento de secuencias/TPI/set1/GBRAF84TR.exp} (EXP) <- {G:/Mi unidad/Facultad/4to anio/Analisis y alineamiento de secuencias/TPI/set1/GBRAF84TR.scf} (SCF)
{G:/Mi unidad/Facultad/4to anio/Analisis y alineamiento de secuencias/TPI/set1/GBRAG60TF.exp} (EXP) <- {G:/Mi unidad/Facultad/4to anio/Analisis y alineamiento de secuencias/TPI/set1/GBRAG60TF.scf} (SCF)
{G:/Mi unidad/Facultad/4to anio/Analisis y alineamiento de secuencias/TPI/set1/GBRAG60TR.exp} (EXP) <- {G:/Mi unidad/Facultad/4to anio/Analisis y alineamiento de secuencias/TPI/set1/GBRAG60TR.scf} (SCF)
{G:/Mi unidad/Facultad/4to anio/Analisis y alineamiento de secuencias/TPI/set1/GBRAJ54TR.exp} (EXP) <- {G:/Mi unidad/Facultad/4to anio/Analisis y alineamiento de secuencias/TPI/set1/GBRAJ54TR.scf} (SCF)
{G:/Mi unidad/Facultad/4to anio/Analisis y alineamiento de secuencias/TPI/set1/GBRAN41TF.exp} (EXP) <- {G:/Mi unidad/Facultad/4to anio/Analisis y alineamiento de secuencias/TPI/set1/GBRAN41TF.scf} (SCF)
{G:/Mi unidad/Facultad/4to anio/Analisis y alineamiento de secuencias/TPI/set1/GBRAN41TR.exp} (EXP) <- {G:/Mi unidad/Facultad/4to anio/Analisis y alineamiento de secuencias/TPI/set1/GBRAN41TR.scf} (SCF)
{G:/Mi unidad/Facultad/4to anio/Analisis y alineamiento de secuencias/TPI/set1/GBRAR93TF.exp} (EXP) <- {G:/Mi unidad/Facultad/4to anio/Analisis y alineamiento de secuencias/TPI/set1/GBRAR93TF.scf} (SCF)
{G:/Mi unidad/Facultad/4to anio/Analisis y alineamiento de secuencias/TPI/set1/GBRAR93TR.exp} (EXP) <- {G:/Mi unidad/Facultad/4to anio/Analisis y alineamiento de secuencias/TPI/set1/GBRAR93TR.scf} (SCF)
{G:/Mi unidad/Facultad/4to anio/Analisis y alineamiento de secuencias/TPI/set1/GBRAS18TF.exp} (EXP) <- {G:/Mi unidad/Facultad/4to anio/Analisis y alineamiento de secuencias/TPI/set1/GBRAS18TF.scf} (SCF)
{G:/Mi unidad/Facultad/4to anio/Analisis y alineamiento de secuencias/TPI/set1/GBRAS18TR.exp} (EXP) <- {G:/Mi unidad/Facultad/4to anio/Analisis y alineamiento de secuencias/TPI/set1/GBRAS18TR.scf} (SCF)
{G:/Mi unidad/Facultad/4to anio/Analisis y alineamiento de secuencias/TPI/set1/GBRAT05TF.exp} (EXP) <- {G:/Mi unidad/Facultad/4to anio/Analisis y alineamiento de secuencias/TPI/set1/GBRAT05TF.scf} (SCF)
{G:/Mi unidad/Facultad/4to anio/Analisis y alineamiento de secuencias/TPI/set1/GBRAT05TR.exp} (EXP) <- {G:/Mi unidad/Facultad/4to anio/Analisis y alineamiento de secuencias/TPI/set1/GBRAT05TR.scf} (SCF)
{G:/Mi unidad/Facultad/4to anio/Analisis y alineamiento de secuencias/TPI/set1/GBRAV11TR.exp} (EXP) <- {G:/Mi unidad/Facultad/4to anio/Analisis y alineamiento de secuencias/TPI/set1/GBRAV11TR.scf} (SCF)
{G:/Mi unidad/Facultad/4to anio/Analisis y alineamiento de secuencias/TPI/set1/GBRAW94TF.exp} (EXP) <- {G:/Mi unidad/Facultad/4to anio/Analisis y alineamiento de secuencias/TPI/set1/GBRAW94TF.scf} (SCF)
{G:/Mi unidad/Facultad/4to anio/Analisis y alineamiento de secuencias/TPI/set1/GBRAW94TR.exp} (EXP) <- {G:/Mi unidad/Facultad/4to anio/Analisis y alineamiento de secuencias/TPI/set1/GBRAW94TR.scf} (SCF)
{G:/Mi unidad/Facultad/4to anio/Analisis y alineamiento de secuencias/TPI/set1/GBRAY14TR.exp} (EXP) <- {G:/Mi unidad/Facultad/4to anio/Analisis y alineamiento de secuencias/TPI/set1/GBRAY14TR.scf} (SCF)
{G:/Mi unidad/Facultad/4to anio/Analisis y alineamiento de secuencias/TPI/set1/GBRBC20TF.exp} (EXP) <- {G:/Mi unidad/Facultad/4to anio/Analisis y alineamiento de secuencias/TPI/set1/GBRBC20TF.scf} (SCF)
{G:/Mi unidad/Facultad/4to anio/Analisis y alineamiento de secuencias/TPI/set1/GBRBC20TR.exp} (EXP) <- {G:/Mi unidad/Facultad/4to anio/Analisis y alineamiento de secuencias/TPI/set1/GBRBC20TR.scf} (SCF)
{G:/Mi unidad/Facultad/4to anio/Analisis y alineamiento de secuencias/TPI/set1/GBRBC63TF.exp} (EXP) <- {G:/Mi unidad/Facultad/4to anio/Analisis y alineamiento de secuencias/TPI/set1/GBRBC63TF.scf} (SCF)
{G:/Mi unidad/Facultad/4to anio/Analisis y alineamiento de secuencias/TPI/set1/GBRBC63TR.exp} (EXP) <- {G:/Mi unidad/Facultad/4to anio/Analisis y alineamiento de secuencias/TPI/set1/GBRBC63TR.scf} (SCF)
{G:/Mi unidad/Facultad/4to anio/Analisis y alineamiento de secuencias/TPI/set1/GBRBI05TF.exp} (EXP) <- {G:/Mi unidad/Facultad/4to anio/Analisis y alineamiento de secuencias/TPI/set1/GBRBI05TF.scf} (SCF)
{G:/Mi unidad/Facultad/4to anio/Analisis y alineamiento de secuencias/TPI/set1/GBRBI05TR.exp} (EXP) <- {G:/Mi unidad/Facultad/4to anio/Analisis y alineamiento de secuencias/TPI/set1/GBRBI05TR.scf} (SCF)
{G:/Mi unidad/Facultad/4to anio/Analisis y alineamiento de secuencias/TPI/set1/GBRBI11TF.exp} (EXP) <- {G:/Mi unidad/Facultad/4to anio/Analisis y alineamiento de secuencias/TPI/set1/GBRBI11TF.scf} (SCF)
{G:/Mi unidad/Facultad/4to anio/Analisis y alineamiento de secuencias/TPI/set1/GBRBI11TR.exp} (EXP) <- {G:/Mi unidad/Facultad/4to anio/Analisis y alineamiento de secuencias/TPI/set1/GBRBI11TR.scf} (SCF)
{G:/Mi unidad/Facultad/4to anio/Analisis y alineamiento de secuencias/TPI/set1/GBRBI24TF.exp} (EXP) <- {G:/Mi unidad/Facultad/4to anio/Analisis y alineamiento de secuencias/TPI/set1/GBRBI24TF.scf} (SCF)
{G:/Mi unidad/Facultad/4to anio/Analisis y alineamiento de secuencias/TPI/set1/GBRBI24TR.exp} (EXP) <- {G:/Mi unidad/Facultad/4to anio/Analisis y alineamiento de secuencias/TPI/set1/GBRBI24TR.scf} (SCF)
{G:/Mi unidad/Facultad/4to anio/Analisis y alineamiento de secuencias/TPI/set1/GBRBL08TF.exp} (EXP) <- {G:/Mi unidad/Facultad/4to anio/Analisis y alineamiento de secuencias/TPI/set1/GBRBL08TF.scf} (SCF)
{G:/Mi unidad/Facultad/4to anio/Analisis y alineamiento de secuencias/TPI/set1/GBRBL08TR.exp} (EXP) <- {G:/Mi unidad/Facultad/4to anio/Analisis y alineamiento de secuencias/TPI/set1/GBRBL08TR.scf} (SCF)
{G:/Mi unidad/Facultad/4to anio/Analisis y alineamiento de secuencias/TPI/set1/GBRBQ74TF.exp} (EXP) <- {G:/Mi unidad/Facultad/4to anio/Analisis y alineamiento de secuencias/TPI/set1/GBRBQ74TF.scf} (SCF)
{G:/Mi unidad/Facultad/4to anio/Analisis y alineamiento de secuencias/TPI/set1/GBRBQ74TR.exp} (EXP) <- {G:/Mi unidad/Facultad/4to anio/Analisis y alineamiento de secuencias/TPI/set1/GBRBQ74TR.scf} (SCF)
{G:/Mi unidad/Facultad/4to anio/Analisis y alineamiento de secuencias/TPI/set1/GBRBR22TR.exp} (EXP) <- {G:/Mi unidad/Facultad/4to anio/Analisis y alineamiento de secuencias/TPI/set1/GBRBR22TR.scf} (SCF)
{G:/Mi unidad/Facultad/4to anio/Analisis y alineamiento de secuencias/TPI/set1/GBRBT84TF.exp} (EXP) <- {G:/Mi unidad/Facultad/4to anio/Analisis y alineamiento de secuencias/TPI/set1/GBRBT84TF.scf} (SCF)
{G:/Mi unidad/Facultad/4to anio/Analisis y alineamiento de secuencias/TPI/set1/GBRBT84TR.exp} (EXP) <- {G:/Mi unidad/Facultad/4to anio/Analisis y alineamiento de secuencias/TPI/set1/GBRBT84TR.scf} (SCF)
{G:/Mi unidad/Facultad/4to anio/Analisis y alineamiento de secuencias/TPI/set1/GBRBX52TF.exp} (EXP) <- {G:/Mi unidad/Facultad/4to anio/Analisis y alineamiento de secuencias/TPI/set1/GBRBX52TF.scf} (SCF)
{G:/Mi unidad/Facultad/4to anio/Analisis y alineamiento de secuencias/TPI/set1/GBRBX52TR.exp} (EXP) <- {G:/Mi unidad/Facultad/4to anio/Analisis y alineamiento de secuencias/TPI/set1/GBRBX52TR.scf} (SCF)
{G:/Mi unidad/Facultad/4to anio/Analisis y alineamiento de secuencias/TPI/set1/GBRBY36TF.exp} (EXP) <- {G:/Mi unidad/Facultad/4to anio/Analisis y alineamiento de secuencias/TPI/set1/GBRBY36TF.scf} (SCF)
{G:/Mi unidad/Facultad/4to anio/Analisis y alineamiento de secuencias/TPI/set1/GBRBY36TR.exp} (EXP) <- {G:/Mi unidad/Facultad/4to anio/Analisis y alineamiento de secuencias/TPI/set1/GBRBY36TR.scf} (SCF)
{G:/Mi unidad/Facultad/4to anio/Analisis y alineamiento de secuencias/TPI/set1/GBRBY61TF.exp} (EXP) <- {G:/Mi unidad/Facultad/4to anio/Analisis y alineamiento de secuencias/TPI/set1/GBRBY61TF.scf} (SCF)
{G:/Mi unidad/Facultad/4to anio/Analisis y alineamiento de secuencias/TPI/set1/GBRBY61TR.exp} (EXP) <- {G:/Mi unidad/Facultad/4to anio/Analisis y alineamiento de secuencias/TPI/set1/GBRBY61TR.scf} (SCF)
{G:/Mi unidad/Facultad/4to anio/Analisis y alineamiento de secuencias/TPI/set1/GBRCA26TF.exp} (EXP) <- {G:/Mi unidad/Facultad/4to anio/Analisis y alineamiento de secuencias/TPI/set1/GBRCA26TF.scf} (SCF)
{G:/Mi unidad/Facultad/4to anio/Analisis y alineamiento de secuencias/TPI/set1/GBRCA26TR.exp} (EXP) <- {G:/Mi unidad/Facultad/4to anio/Analisis y alineamiento de secuencias/TPI/set1/GBRCA26TR.scf} (SCF)
{G:/Mi unidad/Facultad/4to anio/Analisis y alineamiento de secuencias/TPI/set1/GBRCC91TF.exp} (EXP) <- {G:/Mi unidad/Facultad/4to anio/Analisis y alineamiento de secuencias/TPI/set1/GBRCC91TF.scf} (SCF)
{G:/Mi unidad/Facultad/4to anio/Analisis y alineamiento de secuencias/TPI/set1/GBRCC91TR.exp} (EXP) <- {G:/Mi unidad/Facultad/4to anio/Analisis y alineamiento de secuencias/TPI/set1/GBRCC91TR.scf} (SCF)
{G:/Mi unidad/Facultad/4to anio/Analisis y alineamiento de secuencias/TPI/set1/GBRCF37TF.exp} (EXP) <- {G:/Mi unidad/Facultad/4to anio/Analisis y alineamiento de secuencias/TPI/set1/GBRCF37TF.scf} (SCF)
{G:/Mi unidad/Facultad/4to anio/Analisis y alineamiento de secuencias/TPI/set1/GBRCF37TR.exp} (EXP) <- {G:/Mi unidad/Facultad/4to anio/Analisis y alineamiento de secuencias/TPI/set1/GBRCF37TR.scf} (SCF)
{G:/Mi unidad/Facultad/4to anio/Analisis y alineamiento de secuencias/TPI/set1/GBRCH54TF.exp} (EXP) <- {G:/Mi unidad/Facultad/4to anio/Analisis y alineamiento de secuencias/TPI/set1/GBRCH54TF.scf} (SCF)
{G:/Mi unidad/Facultad/4to anio/Analisis y alineamiento de secuencias/TPI/set1/GBRCH54TR.exp} (EXP) <- {G:/Mi unidad/Facultad/4to anio/Analisis y alineamiento de secuencias/TPI/set1/GBRCH54TR.scf} (SCF)
{G:/Mi unidad/Facultad/4to anio/Analisis y alineamiento de secuencias/TPI/set1/GBRCI22TF.exp} (EXP) <- {G:/Mi unidad/Facultad/4to anio/Analisis y alineamiento de secuencias/TPI/set1/GBRCI22TF.scf} (SCF)
{G:/Mi unidad/Facultad/4to anio/Analisis y alineamiento de secuencias/TPI/set1/GBRCI22TR.exp} (EXP) <- {G:/Mi unidad/Facultad/4to anio/Analisis y alineamiento de secuencias/TPI/set1/GBRCI22TR.scf} (SCF)
{G:/Mi unidad/Facultad/4to anio/Analisis y alineamiento de secuencias/TPI/set1/GBRCO71TF.exp} (EXP) <- {G:/Mi unidad/Facultad/4to anio/Analisis y alineamiento de secuencias/TPI/set1/GBRCO71TF.scf} (SCF)
{G:/Mi unidad/Facultad/4to anio/Analisis y alineamiento de secuencias/TPI/set1/GBRCO71TR.exp} (EXP) <- {G:/Mi unidad/Facultad/4to anio/Analisis y alineamiento de secuencias/TPI/set1/GBRCO71TR.scf} (SCF)
{G:/Mi unidad/Facultad/4to anio/Analisis y alineamiento de secuencias/TPI/set1/GBRCR55TF.exp} (EXP) <- {G:/Mi unidad/Facultad/4to anio/Analisis y alineamiento de secuencias/TPI/set1/GBRCR55TF.scf} (SCF)
{G:/Mi unidad/Facultad/4to anio/Analisis y alineamiento de secuencias/TPI/set1/GBRCS49TF.exp} (EXP) <- {G:/Mi unidad/Facultad/4to anio/Analisis y alineamiento de secuencias/TPI/set1/GBRCS49TF.scf} (SCF)
{G:/Mi unidad/Facultad/4to anio/Analisis y alineamiento de secuencias/TPI/set1/GBRCS49TR.exp} (EXP) <- {G:/Mi unidad/Facultad/4to anio/Analisis y alineamiento de secuencias/TPI/set1/GBRCS49TR.scf} (SCF)
{G:/Mi unidad/Facultad/4to anio/Analisis y alineamiento de secuencias/TPI/set1/GBRDB44TF.exp} (EXP) <- {G:/Mi unidad/Facultad/4to anio/Analisis y alineamiento de secuencias/TPI/set1/GBRDB44TF.scf} (SCF)
{G:/Mi unidad/Facultad/4to anio/Analisis y alineamiento de secuencias/TPI/set1/GBRDB44TR.exp} (EXP) <- {G:/Mi unidad/Facultad/4to anio/Analisis y alineamiento de secuencias/TPI/set1/GBRDB44TR.scf} (SCF)
{G:/Mi unidad/Facultad/4to anio/Analisis y alineamiento de secuencias/TPI/set1/GBRDC23TF.exp} (EXP) <- {G:/Mi unidad/Facultad/4to anio/Analisis y alineamiento de secuencias/TPI/set1/GBRDC23TF.scf} (SCF)
{G:/Mi unidad/Facultad/4to anio/Analisis y alineamiento de secuencias/TPI/set1/GBRDC23TR.exp} (EXP) <- {G:/Mi unidad/Facultad/4to anio/Analisis y alineamiento de secuencias/TPI/set1/GBRDC23TR.scf} (SCF)
{G:/Mi unidad/Facultad/4to anio/Analisis y alineamiento de secuencias/TPI/set1/GBRDD35TF.exp} (EXP) <- {G:/Mi unidad/Facultad/4to anio/Analisis y alineamiento de secuencias/TPI/set1/GBRDD35TF.scf} (SCF)
{G:/Mi unidad/Facultad/4to anio/Analisis y alineamiento de secuencias/TPI/set1/GBRDD35TR.exp} (EXP) <- {G:/Mi unidad/Facultad/4to anio/Analisis y alineamiento de secuencias/TPI/set1/GBRDD35TR.scf} (SCF)
{G:/Mi unidad/Facultad/4to anio/Analisis y alineamiento de secuencias/TPI/set1/GBRDF74TF.exp} (EXP) <- {G:/Mi unidad/Facultad/4to anio/Analisis y alineamiento de secuencias/TPI/set1/GBRDF74TF.scf} (SCF)
{G:/Mi unidad/Facultad/4to anio/Analisis y alineamiento de secuencias/TPI/set1/GBRDJ06TF.exp} (EXP) <- {G:/Mi unidad/Facultad/4to anio/Analisis y alineamiento de secuencias/TPI/set1/GBRDJ06TF.scf} (SCF)
{G:/Mi unidad/Facultad/4to anio/Analisis y alineamiento de secuencias/TPI/set1/GBRDJ06TR.exp} (EXP) <- {G:/Mi unidad/Facultad/4to anio/Analisis y alineamiento de secuencias/TPI/set1/GBRDJ06TR.scf} (SCF)
{G:/Mi unidad/Facultad/4to anio/Analisis y alineamiento de secuencias/TPI/set1/GBRDK52TF.exp} (EXP) <- {G:/Mi unidad/Facultad/4to anio/Analisis y alineamiento de secuencias/TPI/set1/GBRDK52TF.scf} (SCF)
{G:/Mi unidad/Facultad/4to anio/Analisis y alineamiento de secuencias/TPI/set1/GBRDK52TR.exp} (EXP) <- {G:/Mi unidad/Facultad/4to anio/Analisis y alineamiento de secuencias/TPI/set1/GBRDK52TR.scf} (SCF)
{G:/Mi unidad/Facultad/4to anio/Analisis y alineamiento de secuencias/TPI/set1/GBRDL96TF.exp} (EXP) <- {G:/Mi unidad/Facultad/4to anio/Analisis y alineamiento de secuencias/TPI/set1/GBRDL96TF.scf} (SCF)
{G:/Mi unidad/Facultad/4to anio/Analisis y alineamiento de secuencias/TPI/set1/GBRDL96TR.exp} (EXP) <- {G:/Mi unidad/Facultad/4to anio/Analisis y alineamiento de secuencias/TPI/set1/GBRDL96TR.scf} (SCF)
{G:/Mi unidad/Facultad/4to anio/Analisis y alineamiento de secuencias/TPI/set1/GBRDP11TF.exp} (EXP) <- {G:/Mi unidad/Facultad/4to anio/Analisis y alineamiento de secuencias/TPI/set1/GBRDP11TF.scf} (SCF)
{G:/Mi unidad/Facultad/4to anio/Analisis y alineamiento de secuencias/TPI/set1/GBRDP11TR.exp} (EXP) <- {G:/Mi unidad/Facultad/4to anio/Analisis y alineamiento de secuencias/TPI/set1/GBRDP11TR.scf} (SCF)
{G:/Mi unidad/Facultad/4to anio/Analisis y alineamiento de secuencias/TPI/set1/GBRDP46TF.exp} (EXP) <- {G:/Mi unidad/Facultad/4to anio/Analisis y alineamiento de secuencias/TPI/set1/GBRDP46TF.scf} (SCF)
{G:/Mi unidad/Facultad/4to anio/Analisis y alineamiento de secuencias/TPI/set1/GBRDP46TR.exp} (EXP) <- {G:/Mi unidad/Facultad/4to anio/Analisis y alineamiento de secuencias/TPI/set1/GBRDP46TR.scf} (SCF)
{G:/Mi unidad/Facultad/4to anio/Analisis y alineamiento de secuencias/TPI/set1/GBRDP47TF.exp} (EXP) <- {G:/Mi unidad/Facultad/4to anio/Analisis y alineamiento de secuencias/TPI/set1/GBRDP47TF.scf} (SCF)
{G:/Mi unidad/Facultad/4to anio/Analisis y alineamiento de secuencias/TPI/set1/GBRDP47TR.exp} (EXP) <- {G:/Mi unidad/Facultad/4to anio/Analisis y alineamiento de secuencias/TPI/set1/GBRDP47TR.scf} (SCF)
{G:/Mi unidad/Facultad/4to anio/Analisis y alineamiento de secuencias/TPI/set1/GBRDP63TF.exp} (EXP) <- {G:/Mi unidad/Facultad/4to anio/Analisis y alineamiento de secuencias/TPI/set1/GBRDP63TF.scf} (SCF)
{G:/Mi unidad/Facultad/4to anio/Analisis y alineamiento de secuencias/TPI/set1/GBRDP63TR.exp} (EXP) <- {G:/Mi unidad/Facultad/4to anio/Analisis y alineamiento de secuencias/TPI/set1/GBRDP63TR.scf} (SCF)
{G:/Mi unidad/Facultad/4to anio/Analisis y alineamiento de secuencias/TPI/set1/GBRDR18TF.exp} (EXP) <- {G:/Mi unidad/Facultad/4to anio/Analisis y alineamiento de secuencias/TPI/set1/GBRDR18TF.scf} (SCF)
{G:/Mi unidad/Facultad/4to anio/Analisis y alineamiento de secuencias/TPI/set1/GBRDR18TR.exp} (EXP) <- {G:/Mi unidad/Facultad/4to anio/Analisis y alineamiento de secuencias/TPI/set1/GBRDR18TR.scf} (SCF)
{G:/Mi unidad/Facultad/4to anio/Analisis y alineamiento de secuencias/TPI/set1/GBRDR43TF.exp} (EXP) <- {G:/Mi unidad/Facultad/4to anio/Analisis y alineamiento de secuencias/TPI/set1/GBRDR43TF.scf} (SCF)
{G:/Mi unidad/Facultad/4to anio/Analisis y alineamiento de secuencias/TPI/set1/GBRDR43TR.exp} (EXP) <- {G:/Mi unidad/Facultad/4to anio/Analisis y alineamiento de secuencias/TPI/set1/GBRDR43TR.scf} (SCF)
{G:/Mi unidad/Facultad/4to anio/Analisis y alineamiento de secuencias/TPI/set1/GBRDR82TF.exp} (EXP) <- {G:/Mi unidad/Facultad/4to anio/Analisis y alineamiento de secuencias/TPI/set1/GBRDR82TF.scf} (SCF)
{G:/Mi unidad/Facultad/4to anio/Analisis y alineamiento de secuencias/TPI/set1/GBRDR82TR.exp} (EXP) <- {G:/Mi unidad/Facultad/4to anio/Analisis y alineamiento de secuencias/TPI/set1/GBRDR82TR.scf} (SCF)
{G:/Mi unidad/Facultad/4to anio/Analisis y alineamiento de secuencias/TPI/set1/GBRDT23TF.exp} (EXP) <- {G:/Mi unidad/Facultad/4to anio/Analisis y alineamiento de secuencias/TPI/set1/GBRDT23TF.scf} (SCF)
{G:/Mi unidad/Facultad/4to anio/Analisis y alineamiento de secuencias/TPI/set1/GBRDT23TR.exp} (EXP) <- {G:/Mi unidad/Facultad/4to anio/Analisis y alineamiento de secuencias/TPI/set1/GBRDT23TR.scf} (SCF)
{G:/Mi unidad/Facultad/4to anio/Analisis y alineamiento de secuencias/TPI/set1/GBRDT27TR.exp} (EXP) <- {G:/Mi unidad/Facultad/4to anio/Analisis y alineamiento de secuencias/TPI/set1/GBRDT27TR.scf} (SCF)
{G:/Mi unidad/Facultad/4to anio/Analisis y alineamiento de secuencias/TPI/set1/GBRDU19TF.exp} (EXP) <- {G:/Mi unidad/Facultad/4to anio/Analisis y alineamiento de secuencias/TPI/set1/GBRDU19TF.scf} (SCF)
{G:/Mi unidad/Facultad/4to anio/Analisis y alineamiento de secuencias/TPI/set1/GBRDU19TR.exp} (EXP) <- {G:/Mi unidad/Facultad/4to anio/Analisis y alineamiento de secuencias/TPI/set1/GBRDU19TR.scf} (SCF)
{G:/Mi unidad/Facultad/4to anio/Analisis y alineamiento de secuencias/TPI/set1/GBRDW18TF.exp} (EXP) <- {G:/Mi unidad/Facultad/4to anio/Analisis y alineamiento de secuencias/TPI/set1/GBRDW18TF.scf} (SCF)
{G:/Mi unidad/Facultad/4to anio/Analisis y alineamiento de secuencias/TPI/set1/GBRDW18TR.exp} (EXP) <- {G:/Mi unidad/Facultad/4to anio/Analisis y alineamiento de secuencias/TPI/set1/GBRDW18TR.scf} (SCF)
{G:/Mi unidad/Facultad/4to anio/Analisis y alineamiento de secuencias/TPI/set1/GBRDW40TF.exp} (EXP) <- {G:/Mi unidad/Facultad/4to anio/Analisis y alineamiento de secuencias/TPI/set1/GBRDW40TF.scf} (SCF)
{G:/Mi unidad/Facultad/4to anio/Analisis y alineamiento de secuencias/TPI/set1/GBRDW40TR.exp} (EXP) <- {G:/Mi unidad/Facultad/4to anio/Analisis y alineamiento de secuencias/TPI/set1/GBRDW40TR.scf} (SCF)
{G:/Mi unidad/Facultad/4to anio/Analisis y alineamiento de secuencias/TPI/set1/GBRED77TF.exp} (EXP) <- {G:/Mi unidad/Facultad/4to anio/Analisis y alineamiento de secuencias/TPI/set1/GBRED77TF.scf} (SCF)
{G:/Mi unidad/Facultad/4to anio/Analisis y alineamiento de secuencias/TPI/set1/GBRED77TR.exp} (EXP) <- {G:/Mi unidad/Facultad/4to anio/Analisis y alineamiento de secuencias/TPI/set1/GBRED77TR.scf} (SCF)
{G:/Mi unidad/Facultad/4to anio/Analisis y alineamiento de secuencias/TPI/set1/GBRED82TF.exp} (EXP) <- {G:/Mi unidad/Facultad/4to anio/Analisis y alineamiento de secuencias/TPI/set1/GBRED82TF.scf} (SCF)
{G:/Mi unidad/Facultad/4to anio/Analisis y alineamiento de secuencias/TPI/set1/GBRED82TR.exp} (EXP) <- {G:/Mi unidad/Facultad/4to anio/Analisis y alineamiento de secuencias/TPI/set1/GBRED82TR.scf} (SCF)
{G:/Mi unidad/Facultad/4to anio/Analisis y alineamiento de secuencias/TPI/set1/GBREF64TF.exp} (EXP) <- {G:/Mi unidad/Facultad/4to anio/Analisis y alineamiento de secuencias/TPI/set1/GBREF64TF.scf} (SCF)
{G:/Mi unidad/Facultad/4to anio/Analisis y alineamiento de secuencias/TPI/set1/GBREF64TR.exp} (EXP) <- {G:/Mi unidad/Facultad/4to anio/Analisis y alineamiento de secuencias/TPI/set1/GBREF64TR.scf} (SCF)
{G:/Mi unidad/Facultad/4to anio/Analisis y alineamiento de secuencias/TPI/set1/GBREH01TF.exp} (EXP) <- {G:/Mi unidad/Facultad/4to anio/Analisis y alineamiento de secuencias/TPI/set1/GBREH01TF.scf} (SCF)
{G:/Mi unidad/Facultad/4to anio/Analisis y alineamiento de secuencias/TPI/set1/GBREH01TR.exp} (EXP) <- {G:/Mi unidad/Facultad/4to anio/Analisis y alineamiento de secuencias/TPI/set1/GBREH01TR.scf} (SCF)
{G:/Mi unidad/Facultad/4to anio/Analisis y alineamiento de secuencias/TPI/set1/GBREH88TF.exp} (EXP) <- {G:/Mi unidad/Facultad/4to anio/Analisis y alineamiento de secuencias/TPI/set1/GBREH88TF.scf} (SCF)
{G:/Mi unidad/Facultad/4to anio/Analisis y alineamiento de secuencias/TPI/set1/GBREH88TR.exp} (EXP) <- {G:/Mi unidad/Facultad/4to anio/Analisis y alineamiento de secuencias/TPI/set1/GBREH88TR.scf} (SCF)
{G:/Mi unidad/Facultad/4to anio/Analisis y alineamiento de secuencias/TPI/set1/GBREI96TF.exp} (EXP) <- {G:/Mi unidad/Facultad/4to anio/Analisis y alineamiento de secuencias/TPI/set1/GBREI96TF.scf} (SCF)
{G:/Mi unidad/Facultad/4to anio/Analisis y alineamiento de secuencias/TPI/set1/GBREI96TR.exp} (EXP) <- {G:/Mi unidad/Facultad/4to anio/Analisis y alineamiento de secuencias/TPI/set1/GBREI96TR.scf} (SCF)
{G:/Mi unidad/Facultad/4to anio/Analisis y alineamiento de secuencias/TPI/set1/GBREM26TF.exp} (EXP) <- {G:/Mi unidad/Facultad/4to anio/Analisis y alineamiento de secuencias/TPI/set1/GBREM26TF.scf} (SCF)
{G:/Mi unidad/Facultad/4to anio/Analisis y alineamiento de secuencias/TPI/set1/GBREM26TR.exp} (EXP) <- {G:/Mi unidad/Facultad/4to anio/Analisis y alineamiento de secuencias/TPI/set1/GBREM26TR.scf} (SCF)
{G:/Mi unidad/Facultad/4to anio/Analisis y alineamiento de secuencias/TPI/set1/GBREN11TF.exp} (EXP) <- {G:/Mi unidad/Facultad/4to anio/Analisis y alineamiento de secuencias/TPI/set1/GBREN11TF.scf} (SCF)
{G:/Mi unidad/Facultad/4to anio/Analisis y alineamiento de secuencias/TPI/set1/GBREN11TR.exp} (EXP) <- {G:/Mi unidad/Facultad/4to anio/Analisis y alineamiento de secuencias/TPI/set1/GBREN11TR.scf} (SCF)
{G:/Mi unidad/Facultad/4to anio/Analisis y alineamiento de secuencias/TPI/set1/GBREP84TF.exp} (EXP) <- {G:/Mi unidad/Facultad/4to anio/Analisis y alineamiento de secuencias/TPI/set1/GBREP84TF.scf} (SCF)
{G:/Mi unidad/Facultad/4to anio/Analisis y alineamiento de secuencias/TPI/set1/GBREP84TR.exp} (EXP) <- {G:/Mi unidad/Facultad/4to anio/Analisis y alineamiento de secuencias/TPI/set1/GBREP84TR.scf} (SCF)
{G:/Mi unidad/Facultad/4to anio/Analisis y alineamiento de secuencias/TPI/set1/GBRES88TF.exp} (EXP) <- {G:/Mi unidad/Facultad/4to anio/Analisis y alineamiento de secuencias/TPI/set1/GBRES88TF.scf} (SCF)
{G:/Mi unidad/Facultad/4to anio/Analisis y alineamiento de secuencias/TPI/set1/GBRET30TF.exp} (EXP) <- {G:/Mi unidad/Facultad/4to anio/Analisis y alineamiento de secuencias/TPI/set1/GBRET30TF.scf} (SCF)
{G:/Mi unidad/Facultad/4to anio/Analisis y alineamiento de secuencias/TPI/set1/GBRET30TR.exp} (EXP) <- {G:/Mi unidad/Facultad/4to anio/Analisis y alineamiento de secuencias/TPI/set1/GBRET30TR.scf} (SCF)
{G:/Mi unidad/Facultad/4to anio/Analisis y alineamiento de secuencias/TPI/set1/GBREU31TF.exp} (EXP) <- {G:/Mi unidad/Facultad/4to anio/Analisis y alineamiento de secuencias/TPI/set1/GBREU31TF.scf} (SCF)
{G:/Mi unidad/Facultad/4to anio/Analisis y alineamiento de secuencias/TPI/set1/GBREV17TF.exp} (EXP) <- {G:/Mi unidad/Facultad/4to anio/Analisis y alineamiento de secuencias/TPI/set1/GBREV17TF.scf} (SCF)
{G:/Mi unidad/Facultad/4to anio/Analisis y alineamiento de secuencias/TPI/set1/GBREV17TR.exp} (EXP) <- {G:/Mi unidad/Facultad/4to anio/Analisis y alineamiento de secuencias/TPI/set1/GBREV17TR.scf} (SCF)
{G:/Mi unidad/Facultad/4to anio/Analisis y alineamiento de secuencias/TPI/set1/GBREX14TR.exp} (EXP) <- {G:/Mi unidad/Facultad/4to anio/Analisis y alineamiento de secuencias/TPI/set1/GBREX14TR.scf} (SCF)
{G:/Mi unidad/Facultad/4to anio/Analisis y alineamiento de secuencias/TPI/set1/GBREZ92TR.exp} (EXP) <- {G:/Mi unidad/Facultad/4to anio/Analisis y alineamiento de secuencias/TPI/set1/GBREZ92TR.scf} (SCF)
{G:/Mi unidad/Facultad/4to anio/Analisis y alineamiento de secuencias/TPI/set1/GBREZ93TF.exp} (EXP) <- {G:/Mi unidad/Facultad/4to anio/Analisis y alineamiento de secuencias/TPI/set1/GBREZ93TF.scf} (SCF)
{G:/Mi unidad/Facultad/4to anio/Analisis y alineamiento de secuencias/TPI/set1/GBRFD07TR.exp} (EXP) <- {G:/Mi unidad/Facultad/4to anio/Analisis y alineamiento de secuencias/TPI/set1/GBRFD07TR.scf} (SCF)
{G:/Mi unidad/Facultad/4to anio/Analisis y alineamiento de secuencias/TPI/set1/GBRFD27TR.exp} (EXP) <- {G:/Mi unidad/Facultad/4to anio/Analisis y alineamiento de secuencias/TPI/set1/GBRFD27TR.scf} (SCF)
{G:/Mi unidad/Facultad/4to anio/Analisis y alineamiento de secuencias/TPI/set1/GBRFD44TR.exp} (EXP) <- {G:/Mi unidad/Facultad/4to anio/Analisis y alineamiento de secuencias/TPI/set1/GBRFD44TR.scf} (SCF)
{G:/Mi unidad/Facultad/4to anio/Analisis y alineamiento de secuencias/TPI/set1/GBRFL06TR.exp} (EXP) <- {G:/Mi unidad/Facultad/4to anio/Analisis y alineamiento de secuencias/TPI/set1/GBRFL06TR.scf} (SCF)
{G:/Mi unidad/Facultad/4to anio/Analisis y alineamiento de secuencias/TPI/set1/GBRGH69TF.exp} (EXP) <- {G:/Mi unidad/Facultad/4to anio/Analisis y alineamiento de secuencias/TPI/set1/GBRGH69TF.scf} (SCF)
{G:/Mi unidad/Facultad/4to anio/Analisis y alineamiento de secuencias/TPI/set1/GBRGH69TR.exp} (EXP) <- {G:/Mi unidad/Facultad/4to anio/Analisis y alineamiento de secuencias/TPI/set1/GBRGH69TR.scf} (SCF)
{G:/Mi unidad/Facultad/4to anio/Analisis y alineamiento de secuencias/TPI/set1/GBUAA24TF.exp} (EXP) <- {G:/Mi unidad/Facultad/4to anio/Analisis y alineamiento de secuencias/TPI/set1/GBUAA24TF.scf} (SCF)
{G:/Mi unidad/Facultad/4to anio/Analisis y alineamiento de secuencias/TPI/set1/GBUAA24TR.exp} (EXP) <- {G:/Mi unidad/Facultad/4to anio/Analisis y alineamiento de secuencias/TPI/set1/GBUAA24TR.scf} (SCF)
{G:/Mi unidad/Facultad/4to anio/Analisis y alineamiento de secuencias/TPI/set1/GBUAE46TF.exp} (EXP) <- {G:/Mi unidad/Facultad/4to anio/Analisis y alineamiento de secuencias/TPI/set1/GBUAE46TF.scf} (SCF)
{G:/Mi unidad/Facultad/4to anio/Analisis y alineamiento de secuencias/TPI/set1/GBUAE46TR.exp} (EXP) <- {G:/Mi unidad/Facultad/4to anio/Analisis y alineamiento de secuencias/TPI/set1/GBUAE46TR.scf} (SCF)
{G:/Mi unidad/Facultad/4to anio/Analisis y alineamiento de secuencias/TPI/set1/GBUAE59TF.exp} (EXP) <- {G:/Mi unidad/Facultad/4to anio/Analisis y alineamiento de secuencias/TPI/set1/GBUAE59TF.scf} (SCF)
{G:/Mi unidad/Facultad/4to anio/Analisis y alineamiento de secuencias/TPI/set1/GBUAH14TF.exp} (EXP) <- {G:/Mi unidad/Facultad/4to anio/Analisis y alineamiento de secuencias/TPI/set1/GBUAH14TF.scf} (SCF)
{G:/Mi unidad/Facultad/4to anio/Analisis y alineamiento de secuencias/TPI/set1/GBUAH23TF.exp} (EXP) <- {G:/Mi unidad/Facultad/4to anio/Analisis y alineamiento de secuencias/TPI/set1/GBUAH23TF.scf} (SCF)
{G:/Mi unidad/Facultad/4to anio/Analisis y alineamiento de secuencias/TPI/set1/GBUAH23TR.exp} (EXP) <- {G:/Mi unidad/Facultad/4to anio/Analisis y alineamiento de secuencias/TPI/set1/GBUAH23TR.scf} (SCF)
{G:/Mi unidad/Facultad/4to anio/Analisis y alineamiento de secuencias/TPI/set1/GBUAH58TF.exp} (EXP) <- {G:/Mi unidad/Facultad/4to anio/Analisis y alineamiento de secuencias/TPI/set1/GBUAH58TF.scf} (SCF)
{G:/Mi unidad/Facultad/4to anio/Analisis y alineamiento de secuencias/TPI/set1/GBUAH93TF.exp} (EXP) <- {G:/Mi unidad/Facultad/4to anio/Analisis y alineamiento de secuencias/TPI/set1/GBUAH93TF.scf} (SCF)
{G:/Mi unidad/Facultad/4to anio/Analisis y alineamiento de secuencias/TPI/set1/GBUAI30TF.exp} (EXP) <- {G:/Mi unidad/Facultad/4to anio/Analisis y alineamiento de secuencias/TPI/set1/GBUAI30TF.scf} (SCF)
{G:/Mi unidad/Facultad/4to anio/Analisis y alineamiento de secuencias/TPI/set1/GBUAJ45TF.exp} (EXP) <- {G:/Mi unidad/Facultad/4to anio/Analisis y alineamiento de secuencias/TPI/set1/GBUAJ45TF.scf} (SCF)
{G:/Mi unidad/Facultad/4to anio/Analisis y alineamiento de secuencias/TPI/set1/GBUAJ45TR.exp} (EXP) <- {G:/Mi unidad/Facultad/4to anio/Analisis y alineamiento de secuencias/TPI/set1/GBUAJ45TR.scf} (SCF)
{G:/Mi unidad/Facultad/4to anio/Analisis y alineamiento de secuencias/TPI/set1/GBUAJ58TF.exp} (EXP) <- {G:/Mi unidad/Facultad/4to anio/Analisis y alineamiento de secuencias/TPI/set1/GBUAJ58TF.scf} (SCF)
{G:/Mi unidad/Facultad/4to anio/Analisis y alineamiento de secuencias/TPI/set1/GBUAJ58TR.exp} (EXP) <- {G:/Mi unidad/Facultad/4to anio/Analisis y alineamiento de secuencias/TPI/set1/GBUAJ58TR.scf} (SCF)
{G:/Mi unidad/Facultad/4to anio/Analisis y alineamiento de secuencias/TPI/set1/GBUAJ69TF.exp} (EXP) <- {G:/Mi unidad/Facultad/4to anio/Analisis y alineamiento de secuencias/TPI/set1/GBUAJ69TF.scf} (SCF)
{G:/Mi unidad/Facultad/4to anio/Analisis y alineamiento de secuencias/TPI/set1/GBUAL24TF.exp} (EXP) <- {G:/Mi unidad/Facultad/4to anio/Analisis y alineamiento de secuencias/TPI/set1/GBUAL24TF.scf} (SCF)
{G:/Mi unidad/Facultad/4to anio/Analisis y alineamiento de secuencias/TPI/set1/GBUAO39TR.exp} (EXP) <- {G:/Mi unidad/Facultad/4to anio/Analisis y alineamiento de secuencias/TPI/set1/GBUAO39TR.scf} (SCF)
{G:/Mi unidad/Facultad/4to anio/Analisis y alineamiento de secuencias/TPI/set1/GBUAQ59TF.exp} (EXP) <- {G:/Mi unidad/Facultad/4to anio/Analisis y alineamiento de secuencias/TPI/set1/GBUAQ59TF.scf} (SCF)
{G:/Mi unidad/Facultad/4to anio/Analisis y alineamiento de secuencias/TPI/set1/GBUAQ59TR.exp} (EXP) <- {G:/Mi unidad/Facultad/4to anio/Analisis y alineamiento de secuencias/TPI/set1/GBUAQ59TR.scf} (SCF)
{G:/Mi unidad/Facultad/4to anio/Analisis y alineamiento de secuencias/TPI/set1/GBUAQ61TF.exp} (EXP) <- {G:/Mi unidad/Facultad/4to anio/Analisis y alineamiento de secuencias/TPI/set1/GBUAQ61TF.scf} (SCF)
{G:/Mi unidad/Facultad/4to anio/Analisis y alineamiento de secuencias/TPI/set1/GBUAQ61TR.exp} (EXP) <- {G:/Mi unidad/Facultad/4to anio/Analisis y alineamiento de secuencias/TPI/set1/GBUAQ61TR.scf} (SCF)
{G:/Mi unidad/Facultad/4to anio/Analisis y alineamiento de secuencias/TPI/set1/GBUAQ80TR.exp} (EXP) <- {G:/Mi unidad/Facultad/4to anio/Analisis y alineamiento de secuencias/TPI/set1/GBUAQ80TR.scf} (SCF)
{G:/Mi unidad/Facultad/4to anio/Analisis y alineamiento de secuencias/TPI/set1/GBUAQ96TF.exp} (EXP) <- {G:/Mi unidad/Facultad/4to anio/Analisis y alineamiento de secuencias/TPI/set1/GBUAQ96TF.scf} (SCF)
{G:/Mi unidad/Facultad/4to anio/Analisis y alineamiento de secuencias/TPI/set1/GBUAQ96TR.exp} (EXP) <- {G:/Mi unidad/Facultad/4to anio/Analisis y alineamiento de secuencias/TPI/set1/GBUAQ96TR.scf} (SCF)
{G:/Mi unidad/Facultad/4to anio/Analisis y alineamiento de secuencias/TPI/set1/GBUAR23TR.exp} (EXP) <- {G:/Mi unidad/Facultad/4to anio/Analisis y alineamiento de secuencias/TPI/set1/GBUAR23TR.scf} (SCF)
{G:/Mi unidad/Facultad/4to anio/Analisis y alineamiento de secuencias/TPI/set1/GBUAR64TF.exp} (EXP) <- {G:/Mi unidad/Facultad/4to anio/Analisis y alineamiento de secuencias/TPI/set1/GBUAR64TF.scf} (SCF)
{G:/Mi unidad/Facultad/4to anio/Analisis y alineamiento de secuencias/TPI/set1/GBUAR64TR.exp} (EXP) <- {G:/Mi unidad/Facultad/4to anio/Analisis y alineamiento de secuencias/TPI/set1/GBUAR64TR.scf} (SCF)
{G:/Mi unidad/Facultad/4to anio/Analisis y alineamiento de secuencias/TPI/set1/GBUAT52TF.exp} (EXP) <- {G:/Mi unidad/Facultad/4to anio/Analisis y alineamiento de secuencias/TPI/set1/GBUAT52TF.scf} (SCF)
{G:/Mi unidad/Facultad/4to anio/Analisis y alineamiento de secuencias/TPI/set1/GBUAU21TF.exp} (EXP) <- {G:/Mi unidad/Facultad/4to anio/Analisis y alineamiento de secuencias/TPI/set1/GBUAU21TF.scf} (SCF)
{G:/Mi unidad/Facultad/4to anio/Analisis y alineamiento de secuencias/TPI/set1/GBUAU21TR.exp} (EXP) <- {G:/Mi unidad/Facultad/4to anio/Analisis y alineamiento de secuencias/TPI/set1/GBUAU21TR.scf} (SCF)
{G:/Mi unidad/Facultad/4to anio/Analisis y alineamiento de secuencias/TPI/set1/GBUAV48TR.exp} (EXP) <- {G:/Mi unidad/Facultad/4to anio/Analisis y alineamiento de secuencias/TPI/set1/GBUAV48TR.scf} (SCF)
{G:/Mi unidad/Facultad/4to anio/Analisis y alineamiento de secuencias/TPI/set1/GBUAW83TF.exp} (EXP) <- {G:/Mi unidad/Facultad/4to anio/Analisis y alineamiento de secuencias/TPI/set1/GBUAW83TF.scf} (SCF)
{G:/Mi unidad/Facultad/4to anio/Analisis y alineamiento de secuencias/TPI/set1/GBUAW83TR.exp} (EXP) <- {G:/Mi unidad/Facultad/4to anio/Analisis y alineamiento de secuencias/TPI/set1/GBUAW83TR.scf} (SCF)
{G:/Mi unidad/Facultad/4to anio/Analisis y alineamiento de secuencias/TPI/set1/GBUAX37TR.exp} (EXP) <- {G:/Mi unidad/Facultad/4to anio/Analisis y alineamiento de secuencias/TPI/set1/GBUAX37TR.scf} (SCF)
{G:/Mi unidad/Facultad/4to anio/Analisis y alineamiento de secuencias/TPI/set1/GBUAZ20TF.exp} (EXP) <- {G:/Mi unidad/Facultad/4to anio/Analisis y alineamiento de secuencias/TPI/set1/GBUAZ20TF.scf} (SCF)
{G:/Mi unidad/Facultad/4to anio/Analisis y alineamiento de secuencias/TPI/set1/GBUAZ20TR.exp} (EXP) <- {G:/Mi unidad/Facultad/4to anio/Analisis y alineamiento de secuencias/TPI/set1/GBUAZ20TR.scf} (SCF)
{G:/Mi unidad/Facultad/4to anio/Analisis y alineamiento de secuencias/TPI/set1/GBUBA83TF.exp} (EXP) <- {G:/Mi unidad/Facultad/4to anio/Analisis y alineamiento de secuencias/TPI/set1/GBUBA83TF.scf} (SCF)
{G:/Mi unidad/Facultad/4to anio/Analisis y alineamiento de secuencias/TPI/set1/GBUBA83TR.exp} (EXP) <- {G:/Mi unidad/Facultad/4to anio/Analisis y alineamiento de secuencias/TPI/set1/GBUBA83TR.scf} (SCF)
{G:/Mi unidad/Facultad/4to anio/Analisis y alineamiento de secuencias/TPI/set1/GBUBC12TF.exp} (EXP) <- {G:/Mi unidad/Facultad/4to anio/Analisis y alineamiento de secuencias/TPI/set1/GBUBC12TF.scf} (SCF)
{G:/Mi unidad/Facultad/4to anio/Analisis y alineamiento de secuencias/TPI/set1/GBUBC30TF.exp} (EXP) <- {G:/Mi unidad/Facultad/4to anio/Analisis y alineamiento de secuencias/TPI/set1/GBUBC30TF.scf} (SCF)
{G:/Mi unidad/Facultad/4to anio/Analisis y alineamiento de secuencias/TPI/set1/GBUBC30TR.exp} (EXP) <- {G:/Mi unidad/Facultad/4to anio/Analisis y alineamiento de secuencias/TPI/set1/GBUBC30TR.scf} (SCF)
{G:/Mi unidad/Facultad/4to anio/Analisis y alineamiento de secuencias/TPI/set1/GBUBE17TF.exp} (EXP) <- {G:/Mi unidad/Facultad/4to anio/Analisis y alineamiento de secuencias/TPI/set1/GBUBE17TF.scf} (SCF)
{G:/Mi unidad/Facultad/4to anio/Analisis y alineamiento de secuencias/TPI/set1/GBUBE17TR.exp} (EXP) <- {G:/Mi unidad/Facultad/4to anio/Analisis y alineamiento de secuencias/TPI/set1/GBUBE17TR.scf} (SCF)
{G:/Mi unidad/Facultad/4to anio/Analisis y alineamiento de secuencias/TPI/set1/GBUBE21TF.exp} (EXP) <- {G:/Mi unidad/Facultad/4to anio/Analisis y alineamiento de secuencias/TPI/set1/GBUBE21TF.scf} (SCF)
{G:/Mi unidad/Facultad/4to anio/Analisis y alineamiento de secuencias/TPI/set1/GBUBE21TR.exp} (EXP) <- {G:/Mi unidad/Facultad/4to anio/Analisis y alineamiento de secuencias/TPI/set1/GBUBE21TR.scf} (SCF)
{G:/Mi unidad/Facultad/4to anio/Analisis y alineamiento de secuencias/TPI/set1/GBUBE75TF.exp} (EXP) <- {G:/Mi unidad/Facultad/4to anio/Analisis y alineamiento de secuencias/TPI/set1/GBUBE75TF.scf} (SCF)
{G:/Mi unidad/Facultad/4to anio/Analisis y alineamiento de secuencias/TPI/set1/GBUBE75TR.exp} (EXP) <- {G:/Mi unidad/Facultad/4to anio/Analisis y alineamiento de secuencias/TPI/set1/GBUBE75TR.scf} (SCF)
{G:/Mi unidad/Facultad/4to anio/Analisis y alineamiento de secuencias/TPI/set1/GBUBG79TF.exp} (EXP) <- {G:/Mi unidad/Facultad/4to anio/Analisis y alineamiento de secuencias/TPI/set1/GBUBG79TF.scf} (SCF)
{G:/Mi unidad/Facultad/4to anio/Analisis y alineamiento de secuencias/TPI/set1/GBUBG79TR.exp} (EXP) <- {G:/Mi unidad/Facultad/4to anio/Analisis y alineamiento de secuencias/TPI/set1/GBUBG79TR.scf} (SCF)
{G:/Mi unidad/Facultad/4to anio/Analisis y alineamiento de secuencias/TPI/set1/GBUBH47TF.exp} (EXP) <- {G:/Mi unidad/Facultad/4to anio/Analisis y alineamiento de secuencias/TPI/set1/GBUBH47TF.scf} (SCF)
{G:/Mi unidad/Facultad/4to anio/Analisis y alineamiento de secuencias/TPI/set1/GBUBH75TF.exp} (EXP) <- {G:/Mi unidad/Facultad/4to anio/Analisis y alineamiento de secuencias/TPI/set1/GBUBH75TF.scf} (SCF)
{G:/Mi unidad/Facultad/4to anio/Analisis y alineamiento de secuencias/TPI/set1/GBUBH75TR.exp} (EXP) <- {G:/Mi unidad/Facultad/4to anio/Analisis y alineamiento de secuencias/TPI/set1/GBUBH75TR.scf} (SCF)
{G:/Mi unidad/Facultad/4to anio/Analisis y alineamiento de secuencias/TPI/set1/GBUBI82TF.exp} (EXP) <- {G:/Mi unidad/Facultad/4to anio/Analisis y alineamiento de secuencias/TPI/set1/GBUBI82TF.scf} (SCF)
{G:/Mi unidad/Facultad/4to anio/Analisis y alineamiento de secuencias/TPI/set1/GBUBI82TR.exp} (EXP) <- {G:/Mi unidad/Facultad/4to anio/Analisis y alineamiento de secuencias/TPI/set1/GBUBI82TR.scf} (SCF)
{G:/Mi unidad/Facultad/4to anio/Analisis y alineamiento de secuencias/TPI/set1/GBUBJ68TR.exp} (EXP) <- {G:/Mi unidad/Facultad/4to anio/Analisis y alineamiento de secuencias/TPI/set1/GBUBJ68TR.scf} (SCF)
{G:/Mi unidad/Facultad/4to anio/Analisis y alineamiento de secuencias/TPI/set1/GBUBM31TR.exp} (EXP) <- {G:/Mi unidad/Facultad/4to anio/Analisis y alineamiento de secuencias/TPI/set1/GBUBM31TR.scf} (SCF)
{G:/Mi unidad/Facultad/4to anio/Analisis y alineamiento de secuencias/TPI/set1/GBUBM69TR.exp} (EXP) <- {G:/Mi unidad/Facultad/4to anio/Analisis y alineamiento de secuencias/TPI/set1/GBUBM69TR.scf} (SCF)
{G:/Mi unidad/Facultad/4to anio/Analisis y alineamiento de secuencias/TPI/set1/GBUBM92TR.exp} (EXP) <- {G:/Mi unidad/Facultad/4to anio/Analisis y alineamiento de secuencias/TPI/set1/GBUBM92TR.scf} (SCF)
{G:/Mi unidad/Facultad/4to anio/Analisis y alineamiento de secuencias/TPI/set1/GBUBQ12TR.exp} (EXP) <- {G:/Mi unidad/Facultad/4to anio/Analisis y alineamiento de secuencias/TPI/set1/GBUBQ12TR.scf} (SCF)
{G:/Mi unidad/Facultad/4to anio/Analisis y alineamiento de secuencias/TPI/set1/GBUBS96TF.exp} (EXP) <- {G:/Mi unidad/Facultad/4to anio/Analisis y alineamiento de secuencias/TPI/set1/GBUBS96TF.scf} (SCF)
{G:/Mi unidad/Facultad/4to anio/Analisis y alineamiento de secuencias/TPI/set1/GBUBT45TF.exp} (EXP) <- {G:/Mi unidad/Facultad/4to anio/Analisis y alineamiento de secuencias/TPI/set1/GBUBT45TF.scf} (SCF)
{G:/Mi unidad/Facultad/4to anio/Analisis y alineamiento de secuencias/TPI/set1/GBUBT46TF.exp} (EXP) <- {G:/Mi unidad/Facultad/4to anio/Analisis y alineamiento de secuencias/TPI/set1/GBUBT46TF.scf} (SCF)
{G:/Mi unidad/Facultad/4to anio/Analisis y alineamiento de secuencias/TPI/set1/GBUBT91TR.exp} (EXP) <- {G:/Mi unidad/Facultad/4to anio/Analisis y alineamiento de secuencias/TPI/set1/GBUBT91TR.scf} (SCF)
{G:/Mi unidad/Facultad/4to anio/Analisis y alineamiento de secuencias/TPI/set1/GBUBV17TF.exp} (EXP) <- {G:/Mi unidad/Facultad/4to anio/Analisis y alineamiento de secuencias/TPI/set1/GBUBV17TF.scf} (SCF)
{G:/Mi unidad/Facultad/4to anio/Analisis y alineamiento de secuencias/TPI/set1/GBUBV17TR.exp} (EXP) <- {G:/Mi unidad/Facultad/4to anio/Analisis y alineamiento de secuencias/TPI/set1/GBUBV17TR.scf} (SCF)
{G:/Mi unidad/Facultad/4to anio/Analisis y alineamiento de secuencias/TPI/set1/GBUBW06TF.exp} (EXP) <- {G:/Mi unidad/Facultad/4to anio/Analisis y alineamiento de secuencias/TPI/set1/GBUBW06TF.scf} (SCF)
{G:/Mi unidad/Facultad/4to anio/Analisis y alineamiento de secuencias/TPI/set1/GBUBW07TF.exp} (EXP) <- {G:/Mi unidad/Facultad/4to anio/Analisis y alineamiento de secuencias/TPI/set1/GBUBW07TF.scf} (SCF)
{G:/Mi unidad/Facultad/4to anio/Analisis y alineamiento de secuencias/TPI/set1/GBUBY34TF.exp} (EXP) <- {G:/Mi unidad/Facultad/4to anio/Analisis y alineamiento de secuencias/TPI/set1/GBUBY34TF.scf} (SCF)
{G:/Mi unidad/Facultad/4to anio/Analisis y alineamiento de secuencias/TPI/set1/GBUBZ58TF.exp} (EXP) <- {G:/Mi unidad/Facultad/4to anio/Analisis y alineamiento de secuencias/TPI/set1/GBUBZ58TF.scf} (SCF)
{G:/Mi unidad/Facultad/4to anio/Analisis y alineamiento de secuencias/TPI/set1/GBUBZ59TF.exp} (EXP) <- {G:/Mi unidad/Facultad/4to anio/Analisis y alineamiento de secuencias/TPI/set1/GBUBZ59TF.scf} (SCF)
{G:/Mi unidad/Facultad/4to anio/Analisis y alineamiento de secuencias/TPI/set1/GBUBZ59TR.exp} (EXP) <- {G:/Mi unidad/Facultad/4to anio/Analisis y alineamiento de secuencias/TPI/set1/GBUBZ59TR.scf} (SCF)
{G:/Mi unidad/Facultad/4to anio/Analisis y alineamiento de secuencias/TPI/set1/GBUCA43TF.exp} (EXP) <- {G:/Mi unidad/Facultad/4to anio/Analisis y alineamiento de secuencias/TPI/set1/GBUCA43TF.scf} (SCF)
{G:/Mi unidad/Facultad/4to anio/Analisis y alineamiento de secuencias/TPI/set1/GBUCA43TR.exp} (EXP) <- {G:/Mi unidad/Facultad/4to anio/Analisis y alineamiento de secuencias/TPI/set1/GBUCA43TR.scf} (SCF)
{G:/Mi unidad/Facultad/4to anio/Analisis y alineamiento de secuencias/TPI/set1/GBUCA45TF.exp} (EXP) <- {G:/Mi unidad/Facultad/4to anio/Analisis y alineamiento de secuencias/TPI/set1/GBUCA45TF.scf} (SCF)
{G:/Mi unidad/Facultad/4to anio/Analisis y alineamiento de secuencias/TPI/set1/GBUCA45TR.exp} (EXP) <- {G:/Mi unidad/Facultad/4to anio/Analisis y alineamiento de secuencias/TPI/set1/GBUCA45TR.scf} (SCF)
{G:/Mi unidad/Facultad/4to anio/Analisis y alineamiento de secuencias/TPI/set1/GBUCC53TF.exp} (EXP) <- {G:/Mi unidad/Facultad/4to anio/Analisis y alineamiento de secuencias/TPI/set1/GBUCC53TF.scf} (SCF)
{G:/Mi unidad/Facultad/4to anio/Analisis y alineamiento de secuencias/TPI/set1/GBUCC53TR.exp} (EXP) <- {G:/Mi unidad/Facultad/4to anio/Analisis y alineamiento de secuencias/TPI/set1/GBUCC53TR.scf} (SCF)
{G:/Mi unidad/Facultad/4to anio/Analisis y alineamiento de secuencias/TPI/set1/GBUCD49TF.exp} (EXP) <- {G:/Mi unidad/Facultad/4to anio/Analisis y alineamiento de secuencias/TPI/set1/GBUCD49TF.scf} (SCF)
{G:/Mi unidad/Facultad/4to anio/Analisis y alineamiento de secuencias/TPI/set1/GBUCD68TF.exp} (EXP) <- {G:/Mi unidad/Facultad/4to anio/Analisis y alineamiento de secuencias/TPI/set1/GBUCD68TF.scf} (SCF)
{G:/Mi unidad/Facultad/4to anio/Analisis y alineamiento de secuencias/TPI/set1/GBUCF24TF.exp} (EXP) <- {G:/Mi unidad/Facultad/4to anio/Analisis y alineamiento de secuencias/TPI/set1/GBUCF24TF.scf} (SCF)
{G:/Mi unidad/Facultad/4to anio/Analisis y alineamiento de secuencias/TPI/set1/GBUCF37TF.exp} (EXP) <- {G:/Mi unidad/Facultad/4to anio/Analisis y alineamiento de secuencias/TPI/set1/GBUCF37TF.scf} (SCF)
{G:/Mi unidad/Facultad/4to anio/Analisis y alineamiento de secuencias/TPI/set1/GBUCF37TR.exp} (EXP) <- {G:/Mi unidad/Facultad/4to anio/Analisis y alineamiento de secuencias/TPI/set1/GBUCF37TR.scf} (SCF)
{G:/Mi unidad/Facultad/4to anio/Analisis y alineamiento de secuencias/TPI/set1/GBUCF52TF.exp} (EXP) <- {G:/Mi unidad/Facultad/4to anio/Analisis y alineamiento de secuencias/TPI/set1/GBUCF52TF.scf} (SCF)
{G:/Mi unidad/Facultad/4to anio/Analisis y alineamiento de secuencias/TPI/set1/GBUCF52TR.exp} (EXP) <- {G:/Mi unidad/Facultad/4to anio/Analisis y alineamiento de secuencias/TPI/set1/GBUCF52TR.scf} (SCF)
{G:/Mi unidad/Facultad/4to anio/Analisis y alineamiento de secuencias/TPI/set1/GBUCF74TR.exp} (EXP) <- {G:/Mi unidad/Facultad/4to anio/Analisis y alineamiento de secuencias/TPI/set1/GBUCF74TR.scf} (SCF)
{G:/Mi unidad/Facultad/4to anio/Analisis y alineamiento de secuencias/TPI/set1/GBUCG12TF.exp} (EXP) <- {G:/Mi unidad/Facultad/4to anio/Analisis y alineamiento de secuencias/TPI/set1/GBUCG12TF.scf} (SCF)
{G:/Mi unidad/Facultad/4to anio/Analisis y alineamiento de secuencias/TPI/set1/GBUCG12TR.exp} (EXP) <- {G:/Mi unidad/Facultad/4to anio/Analisis y alineamiento de secuencias/TPI/set1/GBUCG12TR.scf} (SCF)
{G:/Mi unidad/Facultad/4to anio/Analisis y alineamiento de secuencias/TPI/set1/GBUCH47TR.exp} (EXP) <- {G:/Mi unidad/Facultad/4to anio/Analisis y alineamiento de secuencias/TPI/set1/GBUCH47TR.scf} (SCF)
{G:/Mi unidad/Facultad/4to anio/Analisis y alineamiento de secuencias/TPI/set1/GBUCJ89TF.exp} (EXP) <- {G:/Mi unidad/Facultad/4to anio/Analisis y alineamiento de secuencias/TPI/set1/GBUCJ89TF.scf} (SCF)
{G:/Mi unidad/Facultad/4to anio/Analisis y alineamiento de secuencias/TPI/set1/GBUCJ89TR.exp} (EXP) <- {G:/Mi unidad/Facultad/4to anio/Analisis y alineamiento de secuencias/TPI/set1/GBUCJ89TR.scf} (SCF)
{G:/Mi unidad/Facultad/4to anio/Analisis y alineamiento de secuencias/TPI/set1/GBUCJ90TF.exp} (EXP) <- {G:/Mi unidad/Facultad/4to anio/Analisis y alineamiento de secuencias/TPI/set1/GBUCJ90TF.scf} (SCF)
{G:/Mi unidad/Facultad/4to anio/Analisis y alineamiento de secuencias/TPI/set1/GBUCL83TF.exp} (EXP) <- {G:/Mi unidad/Facultad/4to anio/Analisis y alineamiento de secuencias/TPI/set1/GBUCL83TF.scf} (SCF)
{G:/Mi unidad/Facultad/4to anio/Analisis y alineamiento de secuencias/TPI/set1/GBUCL83TR.exp} (EXP) <- {G:/Mi unidad/Facultad/4to anio/Analisis y alineamiento de secuencias/TPI/set1/GBUCL83TR.scf} (SCF)
{G:/Mi unidad/Facultad/4to anio/Analisis y alineamiento de secuencias/TPI/set1/GBUCN09TF.exp} (EXP) <- {G:/Mi unidad/Facultad/4to anio/Analisis y alineamiento de secuencias/TPI/set1/GBUCN09TF.scf} (SCF)
{G:/Mi unidad/Facultad/4to anio/Analisis y alineamiento de secuencias/TPI/set1/GBUCO03TR.exp} (EXP) <- {G:/Mi unidad/Facultad/4to anio/Analisis y alineamiento de secuencias/TPI/set1/GBUCO03TR.scf} (SCF)
{G:/Mi unidad/Facultad/4to anio/Analisis y alineamiento de secuencias/TPI/set1/GBUCO65TF.exp} (EXP) <- {G:/Mi unidad/Facultad/4to anio/Analisis y alineamiento de secuencias/TPI/set1/GBUCO65TF.scf} (SCF)
{G:/Mi unidad/Facultad/4to anio/Analisis y alineamiento de secuencias/TPI/set1/GBUCQ58TF.exp} (EXP) <- {G:/Mi unidad/Facultad/4to anio/Analisis y alineamiento de secuencias/TPI/set1/GBUCQ58TF.scf} (SCF)
{G:/Mi unidad/Facultad/4to anio/Analisis y alineamiento de secuencias/TPI/set1/GBUCQ58TR.exp} (EXP) <- {G:/Mi unidad/Facultad/4to anio/Analisis y alineamiento de secuencias/TPI/set1/GBUCQ58TR.scf} (SCF)
{G:/Mi unidad/Facultad/4to anio/Analisis y alineamiento de secuencias/TPI/set1/GBUCR45TF.exp} (EXP) <- {G:/Mi unidad/Facultad/4to anio/Analisis y alineamiento de secuencias/TPI/set1/GBUCR45TF.scf} (SCF)
{G:/Mi unidad/Facultad/4to anio/Analisis y alineamiento de secuencias/TPI/set1/GBUCR45TR.exp} (EXP) <- {G:/Mi unidad/Facultad/4to anio/Analisis y alineamiento de secuencias/TPI/set1/GBUCR45TR.scf} (SCF)
{G:/Mi unidad/Facultad/4to anio/Analisis y alineamiento de secuencias/TPI/set1/GBUCS93TF.exp} (EXP) <- {G:/Mi unidad/Facultad/4to anio/Analisis y alineamiento de secuencias/TPI/set1/GBUCS93TF.scf} (SCF)
{G:/Mi unidad/Facultad/4to anio/Analisis y alineamiento de secuencias/TPI/set1/GBUCT08TR.exp} (EXP) <- {G:/Mi unidad/Facultad/4to anio/Analisis y alineamiento de secuencias/TPI/set1/GBUCT08TR.scf} (SCF)
{G:/Mi unidad/Facultad/4to anio/Analisis y alineamiento de secuencias/TPI/set1/GBUCT43TF.exp} (EXP) <- {G:/Mi unidad/Facultad/4to anio/Analisis y alineamiento de secuencias/TPI/set1/GBUCT43TF.scf} (SCF)
{G:/Mi unidad/Facultad/4to anio/Analisis y alineamiento de secuencias/TPI/set1/GBUCV68TF.exp} (EXP) <- {G:/Mi unidad/Facultad/4to anio/Analisis y alineamiento de secuencias/TPI/set1/GBUCV68TF.scf} (SCF)
{G:/Mi unidad/Facultad/4to anio/Analisis y alineamiento de secuencias/TPI/set1/GBUCY79TF.exp} (EXP) <- {G:/Mi unidad/Facultad/4to anio/Analisis y alineamiento de secuencias/TPI/set1/GBUCY79TF.scf} (SCF)
{G:/Mi unidad/Facultad/4to anio/Analisis y alineamiento de secuencias/TPI/set1/GBUDA58TF.exp} (EXP) <- {G:/Mi unidad/Facultad/4to anio/Analisis y alineamiento de secuencias/TPI/set1/GBUDA58TF.scf} (SCF)
{G:/Mi unidad/Facultad/4to anio/Analisis y alineamiento de secuencias/TPI/set1/GBUDA58TR.exp} (EXP) <- {G:/Mi unidad/Facultad/4to anio/Analisis y alineamiento de secuencias/TPI/set1/GBUDA58TR.scf} (SCF)
{G:/Mi unidad/Facultad/4to anio/Analisis y alineamiento de secuencias/TPI/set1/GBUDA65TF.exp} (EXP) <- {G:/Mi unidad/Facultad/4to anio/Analisis y alineamiento de secuencias/TPI/set1/GBUDA65TF.scf} (SCF)
{G:/Mi unidad/Facultad/4to anio/Analisis y alineamiento de secuencias/TPI/set1/GBUDA65TR.exp} (EXP) <- {G:/Mi unidad/Facultad/4to anio/Analisis y alineamiento de secuencias/TPI/set1/GBUDA65TR.scf} (SCF)
{G:/Mi unidad/Facultad/4to anio/Analisis y alineamiento de secuencias/TPI/set1/GBUDA71TF.exp} (EXP) <- {G:/Mi unidad/Facultad/4to anio/Analisis y alineamiento de secuencias/TPI/set1/GBUDA71TF.scf} (SCF)
{G:/Mi unidad/Facultad/4to anio/Analisis y alineamiento de secuencias/TPI/set1/GBUDA71TR.exp} (EXP) <- {G:/Mi unidad/Facultad/4to anio/Analisis y alineamiento de secuencias/TPI/set1/GBUDA71TR.scf} (SCF)
{G:/Mi unidad/Facultad/4to anio/Analisis y alineamiento de secuencias/TPI/set1/GBUDB25TF.exp} (EXP) <- {G:/Mi unidad/Facultad/4to anio/Analisis y alineamiento de secuencias/TPI/set1/GBUDB25TF.scf} (SCF)

[failed file history]
